{"time":"2021-01-15T22:24:01.412608-07:00","level":"INFO","prefix":"echo","file":"server.go","line":"503","message":"============================================================================================"}
{"time":"2021-01-15T22:24:01.412794-07:00","level":"INFO","prefix":"echo","file":"server.go","line":"504","message":"服务启动"}
{"time":"2021-01-15T22:24:14.327744-07:00","level":"INFO","prefix":"echo","file":"server.go","line":"173","message":"{\"players\":[{\"account_id\":13184054,\"avatar_id\":401706,\"title\":600011,\"nickname\":\"杆菌无胡\",\"level\":{\"id\":10301,\"score\":465},\"character\":{\"charid\":200017,\"level\":5,\"exp\":0,\"skin\":401706,\"is_upgraded\":true,\"extra_emoji\":[995,10,11,12]},\"level3\":{\"id\":20102,\"score\":0},\"avatar_frame\":0,\"verified\":0,\"views\":[{\"slot\":0,\"item_id\":305001},{\"slot\":1,\"item_id\":305200},{\"slot\":2,\"item_id\":305021},{\"slot\":3,\"item_id\":305011},{\"slot\":4,\"item_id\":305025},{\"slot\":6,\"item_id\":305046},{\"slot\":7,\"item_id\":305701}]}],\"seat_list\":[0,0,13184054,0],\"is_game_start\":false,\"game_config\":{\"category\":1,\"mode\":{\"mode\":3,\"ai\":true,\"detail_rule\":{\"time_fixed\":300,\"time_add\":0,\"dora_count\":3,\"shiduan\":1,\"init_point\":25000,\"fandian\":30000,\"bianjietishi\":true,\"ai_level\":1,\"fanfu\":1,\"guyi_mode\":0,\"open_hand\":0}},\"meta\":{\"room_id\":29433}},\"ready_id_list\":[0,0,0]}"}
{"time":"2021-01-15T22:24:29.51614-07:00","level":"INFO","prefix":"echo","file":"server.go","line":"173","message":"{\"ready_id_list\":[0,0,13184054,0]}"}
{"time":"2021-01-15T22:24:35.384901-07:00","level":"INFO","prefix":"echo","file":"server.go","line":"173","message":"{\"chang\":0,\"ju\":0,\"ben\":0,\"tiles\":[\"5m\",\"7m\",\"7m\",\"9m\",\"3p\",\"4p\",\"1s\",\"2s\",\"4s\",\"4s\",\"6s\",\"9s\",\"4z\"],\"scores\":[25000,25000,25000,25000],\"liqibang\":0,\"al\":false,\"md5\":\"3f077cd7d1a7795da1d34075fe613f15\",\"left_tile_count\":69,\"doras\":[\"5m\"],\"opens\":[{\"seat\":0},{\"seat\":1},{\"seat\":2},{\"seat\":3}]}"}
{"time":"2021-01-15T22:24:37.04775-07:00","level":"INFO","prefix":"echo","file":"server.go","line":"173","message":"{\"seat\":0,\"tile\":\"2z\",\"is_liqi\":false,\"moqie\":false,\"zhenting\":false,\"is_wliqi\":false}"}
{"time":"2021-01-15T22:24:37.63794-07:00","level":"INFO","prefix":"echo","file":"server.go","line":"173","message":"{\"seat\":1,\"left_tile_count\":68,\"zhenting\":false}"}
{"time":"2021-01-15T22:24:38.198136-07:00","level":"INFO","prefix":"echo","file":"server.go","line":"173","message":"{\"seat\":1,\"tile\":\"5m\",\"is_liqi\":false,\"moqie\":false,\"zhenting\":false,\"is_wliqi\":false}"}
{"time":"2021-01-15T22:24:38.765582-07:00","level":"INFO","prefix":"echo","file":"server.go","line":"173","message":"{\"seat\":2,\"tile\":\"1m\",\"left_tile_count\":67,\"operation\":{\"seat\":2,\"operation_list\":[{\"type\":1}],\"time_add\":0,\"time_fixed\":300000},\"zhenting\":false}"}
{"time":"2021-01-15T22:29:59.121861-07:00","level":"INFO","prefix":"echo","file":"server.go","line":"173","message":"{\"players\":[{\"account_id\":1402295,\"avatar_id\":401503,\"title\":600028,\"nickname\":\"摩卡是抹茶的摩卡\",\"level\":{\"id\":10203,\"score\":272},\"character\":{\"charid\":200015,\"level\":4,\"exp\":19455,\"skin\":401503,\"is_upgraded\":false,\"extra_emoji\":[994]},\"level3\":{\"id\":20203,\"score\":929},\"avatar_frame\":0,\"verified\":0,\"views\":[{\"slot\":0,\"item_id\":305018},{\"slot\":1,\"item_id\":305035},{\"slot\":2,\"item_id\":305033},{\"slot\":10,\"item_id\":305901},{\"slot\":3,\"item_id\":305011},{\"slot\":4,\"item_id\":305025},{\"slot\":6,\"item_id\":305014},{\"slot\":8,\"item_id\":307006}]},{\"account_id\":13184054,\"avatar_id\":401702,\"title\":600011,\"nickname\":\"杆菌无胡\",\"level\":{\"id\":10301,\"score\":465},\"character\":{\"charid\":200017,\"level\":5,\"exp\":0,\"skin\":401702,\"is_upgraded\":true,\"extra_emoji\":[995,10,11,12]},\"level3\":{\"id\":20102,\"score\":0},\"avatar_frame\":0,\"verified\":0,\"views\":[{\"slot\":0,\"item_id\":305600},{\"slot\":1,\"item_id\":305200},{\"slot\":2,\"item_id\":305021},{\"slot\":3,\"item_id\":305011},{\"slot\":4,\"item_id\":305025},{\"slot\":6,\"item_id\":305046},{\"slot\":7,\"item_id\":305700}]},{\"account_id\":15429654,\"avatar_id\":400201,\"title\":0,\"nickname\":\"牌爛也要打\",\"level\":{\"id\":10101,\"score\":0},\"character\":{\"charid\":200002,\"level\":0,\"exp\":40,\"skin\":400201,\"is_upgraded\":false},\"level3\":{\"id\":20103,\"score\":54},\"avatar_frame\":0,\"verified\":0,\"views\":[{\"slot\":8,\"item_id\":307006}]},{\"account_id\":75294527,\"avatar_id\":402101,\"title\":600008,\"nickname\":\"夏冬\",\"level\":{\"id\":10101,\"score\":0},\"character\":{\"charid\":200021,\"level\":4,\"exp\":43434,\"skin\":402101,\"is_upgraded\":false},\"level3\":{\"id\":20203,\"score\":644},\"avatar_frame\":0,\"verified\":0,\"views\":[{\"slot\":0,\"item_id\":305001},{\"slot\":1,\"item_id\":305034},{\"slot\":2,\"item_id\":305300},{\"slot\":10,\"item_id\":305901},{\"slot\":8,\"item_id\":307006}]}],\"seat_list\":[1402295,13184054,15429654,75294527],\"is_game_start\":false,\"game_config\":{\"category\":2,\"mode\":{\"mode\":1,\"detail_rule\":{\"xuezhandaodi\":1,\"huansanzhang\":1}},\"meta\":{\"mode_id\":40}}}"}
{"time":"2021-01-15T22:30:13.559055-07:00","level":"INFO","prefix":"echo","file":"server.go","line":"173","message":"{\"ready_id_list\":[13184054,15429654,75294527]}"}
{"time":"2021-01-15T22:31:08.301525-07:00","level":"INFO","prefix":"echo","file":"server.go","line":"173","message":"{\"chang\":0,\"ju\":0,\"ben\":0,\"tiles\":[\"2m\",\"6m\",\"9m\",\"3p\",\"6p\",\"6p\",\"7p\",\"8p\",\"1s\",\"4s\",\"5s\",\"1z\",\"7z\"],\"scores\":[25000,25000,25000,25000],\"operation\":{\"seat\":1,\"operation_list\":[{\"type\":12,\"change_tiles\":[\"7z\",\"9m\",\"1s\"],\"change_tile_states\":[0,0,0]}],\"time_add\":20000,\"time_fixed\":5000},\"liqibang\":0,\"al\":false,\"md5\":\"a974d178ca63a8e25540447c13e38da1\",\"left_tile_count\":69,\"opens\":[{\"seat\":0},{\"seat\":1},{\"seat\":2},{\"seat\":3}]}"}
{"time":"2021-01-15T22:31:35.989791-07:00","level":"INFO","prefix":"echo","file":"server.go","line":"173","message":"{\"in_tiles\":[\"8p\",\"7s\",\"8s\"],\"in_tile_states\":[0,0,0],\"out_tiles\":[\"1s\",\"9m\",\"1z\"],\"out_tile_states\":[0,0,0],\"doras\":[\"9p\"],\"change_type\":2}"}
{"time":"2021-01-15T22:31:39.016764-07:00","level":"INFO","prefix":"echo","file":"server.go","line":"173","message":"{\"seat\":0,\"tile\":\"4z\",\"is_liqi\":false,\"moqie\":false,\"zhenting\":false,\"is_wliqi\":false}"}
{"time":"2021-01-15T22:31:39.53354-07:00","level":"INFO","prefix":"echo","file":"server.go","line":"173","message":"{\"seat\":1,\"tile\":\"2s\",\"left_tile_count\":68,\"operation\":{\"seat\":1,\"operation_list\":[{\"type\":1}],\"time_add\":9000,\"time_fixed\":5000},\"zhenting\":false}"}
{"time":"2021-01-15T22:31:42.884818-07:00","level":"INFO","prefix":"echo","file":"server.go","line":"173","message":"{\"seat\":1,\"tile\":\"7z\",\"is_liqi\":false,\"moqie\":false,\"zhenting\":false,\"is_wliqi\":false}"}
{"time":"2021-01-15T22:31:43.406524-07:00","level":"INFO","prefix":"echo","file":"server.go","line":"173","message":"{\"seat\":2,\"left_tile_count\":67,\"zhenting\":false}"}
{"time":"2021-01-15T22:31:45.487172-07:00","level":"INFO","prefix":"echo","file":"server.go","line":"173","message":"{\"seat\":2,\"tile\":\"3m\",\"is_liqi\":false,\"moqie\":false,\"zhenting\":false,\"is_wliqi\":false}"}
{"time":"2021-01-15T22:31:46.027338-07:00","level":"INFO","prefix":"echo","file":"server.go","line":"173","message":"{\"seat\":3,\"left_tile_count\":66,\"zhenting\":false}"}
{"time":"2021-01-15T22:31:48.126082-07:00","level":"INFO","prefix":"echo","file":"server.go","line":"173","message":"{\"seat\":3,\"tile\":\"1z\",\"is_liqi\":false,\"moqie\":false,\"zhenting\":false,\"is_wliqi\":false}"}
{"time":"2021-01-15T22:31:48.654254-07:00","level":"INFO","prefix":"echo","file":"server.go","line":"173","message":"{\"seat\":0,\"left_tile_count\":65,\"zhenting\":false}"}
{"time":"2021-01-15T22:31:50.173432-07:00","level":"INFO","prefix":"echo","file":"server.go","line":"173","message":"{\"seat\":0,\"tile\":\"5p\",\"is_liqi\":false,\"operation\":{\"seat\":1,\"operation_list\":[{\"type\":2,\"combination\":[\"6p|7p\"]}],\"time_add\":9000,\"time_fixed\":5000},\"moqie\":false,\"zhenting\":false,\"is_wliqi\":false}"}
{"time":"2021-01-15T22:31:52.702762-07:00","level":"INFO","prefix":"echo","file":"server.go","line":"173","message":"{\"seat\":1,\"tile\":\"3m\",\"left_tile_count\":64,\"operation\":{\"seat\":1,\"operation_list\":[{\"type\":1}],\"time_add\":9000,\"time_fixed\":5000},\"zhenting\":false}"}
{"time":"2021-01-15T22:31:59.749235-07:00","level":"INFO","prefix":"echo","file":"server.go","line":"173","message":"{\"seat\":1,\"tile\":\"2s\",\"is_liqi\":false,\"moqie\":false,\"zhenting\":false,\"is_wliqi\":false}"}
{"time":"2021-01-15T22:32:01.580369-07:00","level":"INFO","prefix":"echo","file":"server.go","line":"173","message":"{\"seat\":2,\"left_tile_count\":63,\"zhenting\":false}"}
{"time":"2021-01-15T22:32:03.837155-07:00","level":"INFO","prefix":"echo","file":"server.go","line":"173","message":"{\"seat\":2,\"tile\":\"4p\",\"is_liqi\":false,\"moqie\":true,\"zhenting\":false,\"is_wliqi\":false}"}
{"time":"2021-01-15T22:32:05.767047-07:00","level":"INFO","prefix":"echo","file":"server.go","line":"173","message":"{\"seat\":3,\"left_tile_count\":62,\"zhenting\":false}"}
{"time":"2021-01-15T22:32:06.835359-07:00","level":"INFO","prefix":"echo","file":"server.go","line":"173","message":"{\"seat\":3,\"tile\":\"2z\",\"is_liqi\":false,\"moqie\":false,\"zhenting\":false,\"is_wliqi\":false}"}
{"time":"2021-01-15T22:32:09.640319-07:00","level":"INFO","prefix":"echo","file":"server.go","line":"173","message":"{\"seat\":0,\"left_tile_count\":61,\"zhenting\":false}"}
{"time":"2021-01-15T22:32:11.008634-07:00","level":"INFO","prefix":"echo","file":"server.go","line":"173","message":"{\"seat\":0,\"tile\":\"1z\",\"is_liqi\":false,\"moqie\":false,\"zhenting\":false,\"is_wliqi\":false}"}
{"time":"2021-01-15T22:32:11.568236-07:00","level":"INFO","prefix":"echo","file":"server.go","line":"173","message":"{\"seat\":1,\"tile\":\"6p\",\"left_tile_count\":60,\"operation\":{\"seat\":1,\"operation_list\":[{\"type\":1}],\"time_add\":8000,\"time_fixed\":5000},\"zhenting\":false}"}
{"time":"2021-01-15T22:32:23.921499-07:00","level":"INFO","prefix":"echo","file":"server.go","line":"173","message":"{\"seat\":1,\"tile\":\"6m\",\"is_liqi\":false,\"moqie\":false,\"zhenting\":false,\"is_wliqi\":false}"}
{"time":"2021-01-15T22:32:24.446035-07:00","level":"INFO","prefix":"echo","file":"server.go","line":"173","message":"{\"seat\":2,\"left_tile_count\":59,\"zhenting\":false}"}
{"time":"2021-01-15T22:32:26.286308-07:00","level":"INFO","prefix":"echo","file":"server.go","line":"173","message":"{\"seat\":2,\"tile\":\"3m\",\"is_liqi\":false,\"moqie\":true,\"zhenting\":false,\"is_wliqi\":false}"}
{"time":"2021-01-15T22:32:26.82374-07:00","level":"INFO","prefix":"echo","file":"server.go","line":"173","message":"{\"seat\":3,\"left_tile_count\":58,\"zhenting\":false}"}
{"time":"2021-01-15T22:32:28.380606-07:00","level":"INFO","prefix":"echo","file":"server.go","line":"173","message":"{\"seat\":3,\"tile\":\"5z\",\"is_liqi\":false,\"moqie\":false,\"zhenting\":false,\"is_wliqi\":false}"}
{"time":"2021-01-15T22:32:28.929592-07:00","level":"INFO","prefix":"echo","file":"server.go","line":"173","message":"{\"seat\":0,\"left_tile_count\":57,\"zhenting\":false}"}
{"time":"2021-01-15T22:32:30.120191-07:00","level":"INFO","prefix":"echo","file":"server.go","line":"173","message":"{\"seat\":0,\"tile\":\"9s\",\"is_liqi\":false,\"operation\":{\"seat\":1,\"operation_list\":[{\"type\":2,\"combination\":[\"7s|8s\"]}],\"time_add\":1000,\"time_fixed\":5000},\"moqie\":false,\"zhenting\":false,\"is_wliqi\":false}"}
{"time":"2021-01-15T22:32:32.151764-07:00","level":"INFO","prefix":"echo","file":"server.go","line":"173","message":"{\"seat\":1,\"tile\":\"1m\",\"left_tile_count\":56,\"operation\":{\"seat\":1,\"operation_list\":[{\"type\":1}],\"time_add\":1000,\"time_fixed\":5000},\"zhenting\":false}"}
{"time":"2021-01-15T22:32:36.299612-07:00","level":"INFO","prefix":"echo","file":"server.go","line":"173","message":"{\"seat\":1,\"tile\":\"3p\",\"is_liqi\":false,\"moqie\":false,\"zhenting\":false,\"is_wliqi\":false}"}
{"time":"2021-01-15T22:32:36.874664-07:00","level":"INFO","prefix":"echo","file":"server.go","line":"173","message":"{\"seat\":2,\"left_tile_count\":55,\"zhenting\":false}"}
{"time":"2021-01-15T22:32:38.23346-07:00","level":"INFO","prefix":"echo","file":"server.go","line":"173","message":"{\"seat\":2,\"tile\":\"9s\",\"is_liqi\":false,\"moqie\":false,\"zhenting\":false,\"is_wliqi\":false}"}
{"time":"2021-01-15T22:32:38.785726-07:00","level":"INFO","prefix":"echo","file":"server.go","line":"173","message":"{\"seat\":3,\"left_tile_count\":54,\"zhenting\":false}"}
{"time":"2021-01-15T22:32:39.968922-07:00","level":"INFO","prefix":"echo","file":"server.go","line":"173","message":"{\"seat\":3,\"tile\":\"6z\",\"is_liqi\":false,\"moqie\":false,\"zhenting\":false,\"is_wliqi\":false}"}
{"time":"2021-01-15T22:32:40.493348-07:00","level":"INFO","prefix":"echo","file":"server.go","line":"173","message":"{\"seat\":0,\"left_tile_count\":53,\"zhenting\":false}"}
{"time":"2021-01-15T22:32:42.094365-07:00","level":"INFO","prefix":"echo","file":"server.go","line":"173","message":"{\"seat\":0,\"tile\":\"2s\",\"is_liqi\":false,\"moqie\":false,\"zhenting\":false,\"is_wliqi\":false}"}
{"time":"2021-01-15T22:32:42.643253-07:00","level":"INFO","prefix":"echo","file":"server.go","line":"173","message":"{\"seat\":1,\"tile\":\"7p\",\"left_tile_count\":52,\"operation\":{\"seat\":1,\"operation_list\":[{\"type\":1}],\"time_add\":1000,\"time_fixed\":5000},\"zhenting\":false}"}
{"time":"2021-01-15T22:32:45.808096-07:00","level":"INFO","prefix":"echo","file":"server.go","line":"173","message":"{\"seat\":1,\"tile\":\"6p\",\"is_liqi\":false,\"moqie\":false,\"zhenting\":false,\"is_wliqi\":false}"}
{"time":"2021-01-15T22:32:46.344628-07:00","level":"INFO","prefix":"echo","file":"server.go","line":"173","message":"{\"seat\":2,\"left_tile_count\":51,\"zhenting\":false}"}
{"time":"2021-01-15T22:32:48.091245-07:00","level":"INFO","prefix":"echo","file":"server.go","line":"173","message":"{\"seat\":2,\"tile\":\"1m\",\"is_liqi\":false,\"moqie\":false,\"zhenting\":false,\"is_wliqi\":false}"}
{"time":"2021-01-15T22:32:48.644146-07:00","level":"INFO","prefix":"echo","file":"server.go","line":"173","message":"{\"seat\":3,\"left_tile_count\":50,\"zhenting\":false}"}
{"time":"2021-01-15T22:32:50.535772-07:00","level":"INFO","prefix":"echo","file":"server.go","line":"173","message":"{\"seat\":3,\"tile\":\"9s\",\"is_liqi\":false,\"moqie\":false,\"zhenting\":false,\"is_wliqi\":false}"}
{"time":"2021-01-15T22:32:51.094262-07:00","level":"INFO","prefix":"echo","file":"server.go","line":"173","message":"{\"seat\":0,\"left_tile_count\":49,\"zhenting\":false}"}
{"time":"2021-01-15T22:32:52.71074-07:00","level":"INFO","prefix":"echo","file":"server.go","line":"173","message":"{\"seat\":0,\"tile\":\"4z\",\"is_liqi\":false,\"moqie\":false,\"zhenting\":false,\"is_wliqi\":false}"}
{"time":"2021-01-15T22:32:53.267908-07:00","level":"INFO","prefix":"echo","file":"server.go","line":"173","message":"{\"seat\":1,\"tile\":\"4p\",\"left_tile_count\":48,\"operation\":{\"seat\":1,\"operation_list\":[{\"type\":1}],\"time_add\":1000,\"time_fixed\":5000},\"zhenting\":false}"}
{"time":"2021-01-15T22:32:56.056282-07:00","level":"INFO","prefix":"echo","file":"server.go","line":"173","message":"{\"seat\":1,\"tile\":\"4p\",\"is_liqi\":false,\"moqie\":true,\"zhenting\":false,\"is_wliqi\":false}"}
{"time":"2021-01-15T22:32:56.603873-07:00","level":"INFO","prefix":"echo","file":"server.go","line":"173","message":"{\"seat\":2,\"left_tile_count\":47,\"zhenting\":false}"}
{"time":"2021-01-15T22:32:57.559157-07:00","level":"INFO","prefix":"echo","file":"server.go","line":"173","message":"{\"seat\":2,\"tile\":\"9m\",\"is_liqi\":false,\"moqie\":false,\"zhenting\":false,\"is_wliqi\":false}"}
{"time":"2021-01-15T22:32:59.514653-07:00","level":"INFO","prefix":"echo","file":"server.go","line":"173","message":"{\"seat\":3,\"left_tile_count\":46,\"zhenting\":false}"}
{"time":"2021-01-15T22:33:01.177926-07:00","level":"INFO","prefix":"echo","file":"server.go","line":"173","message":"{\"seat\":3,\"tile\":\"2z\",\"is_liqi\":false,\"moqie\":true,\"zhenting\":false,\"is_wliqi\":false}"}
{"time":"2021-01-15T22:33:03.384322-07:00","level":"INFO","prefix":"echo","file":"server.go","line":"173","message":"{\"seat\":2,\"type\":1,\"tiles\":[\"2z\",\"2z\",\"2z\"],\"froms\":[2,2,3],\"zhenting\":false,\"tile_states\":[0,0]}"}
{"time":"2021-01-15T22:33:05.069419-07:00","level":"INFO","prefix":"echo","file":"server.go","line":"173","message":"{\"seat\":2,\"tile\":\"1s\",\"is_liqi\":false,\"moqie\":false,\"zhenting\":false,\"is_wliqi\":false}"}
{"time":"2021-01-15T22:33:05.627731-07:00","level":"INFO","prefix":"echo","file":"server.go","line":"173","message":"{\"seat\":3,\"left_tile_count\":45,\"zhenting\":false}"}
{"time":"2021-01-15T22:33:07.686573-07:00","level":"INFO","prefix":"echo","file":"server.go","line":"173","message":"{\"seat\":3,\"tile\":\"1m\",\"is_liqi\":false,\"moqie\":false,\"zhenting\":false,\"is_wliqi\":false}"}
{"time":"2021-01-15T22:33:08.256857-07:00","level":"INFO","prefix":"echo","file":"server.go","line":"173","message":"{\"seat\":0,\"left_tile_count\":44,\"zhenting\":false}"}
{"time":"2021-01-15T22:33:09.660925-07:00","level":"INFO","prefix":"echo","file":"server.go","line":"173","message":"{\"seat\":0,\"tile\":\"4z\",\"is_liqi\":false,\"moqie\":false,\"zhenting\":false,\"is_wliqi\":false}"}
{"time":"2021-01-15T22:33:10.207415-07:00","level":"INFO","prefix":"echo","file":"server.go","line":"173","message":"{\"seat\":1,\"tile\":\"3s\",\"left_tile_count\":43,\"operation\":{\"seat\":1,\"operation_list\":[{\"type\":1},{\"type\":7,\"combination\":[\"8s\",\"7s\"]}],\"time_add\":1000,\"time_fixed\":5000},\"zhenting\":false,\"tingpais\":[{\"tile\":\"7s\",\"zhenting\":false,\"infos\":[{\"tile\":\"8s\",\"haveyi\":true,\"yiman\":false,\"count\":1,\"fu\":40,\"biao_dora_count\":0,\"yiman_zimo\":false,\"count_zimo\":2,\"fu_zimo\":30}]},{\"tile\":\"8s\",\"zhenting\":false,\"infos\":[{\"tile\":\"7s\",\"haveyi\":true,\"yiman\":false,\"count\":1,\"fu\":40,\"biao_dora_count\":0,\"yiman_zimo\":false,\"count_zimo\":2,\"fu_zimo\":30}]}]}"}
{"time":"2021-01-15T22:33:16.445646-07:00","level":"INFO","prefix":"echo","file":"server.go","line":"173","message":"{\"seat\":1,\"tile\":\"8s\",\"is_liqi\":true,\"moqie\":false,\"zhenting\":false,\"tingpais\":[{\"tile\":\"7s\",\"haveyi\":true,\"yiman\":false,\"count\":2,\"fu\":40,\"biao_dora_count\":0,\"yiman_zimo\":false,\"count_zimo\":3,\"fu_zimo\":30}],\"is_wliqi\":false}"}
{"time":"2021-01-15T22:33:19.755942-07:00","level":"INFO","prefix":"echo","file":"server.go","line":"173","message":"{\"seat\":2,\"type\":0,\"tiles\":[\"6s\",\"7s\",\"8s\"],\"froms\":[2,2,1],\"liqi\":{\"seat\":1,\"score\":24000,\"liqibang\":1},\"zhenting\":false,\"tile_states\":[0,0]}"}
{"time":"2021-01-15T22:33:19.755998-07:00","level":"INFO","prefix":"echo","file":"server.go","line":"173","message":"{\"seat\":1,\"score\":24000,\"liqibang\":1}"}
{"time":"2021-01-15T22:33:21.655779-07:00","level":"INFO","prefix":"echo","file":"server.go","line":"173","message":"{\"seat\":2,\"tile\":\"6z\",\"is_liqi\":false,\"moqie\":false,\"zhenting\":false,\"is_wliqi\":false}"}
{"time":"2021-01-15T22:33:22.206622-07:00","level":"INFO","prefix":"echo","file":"server.go","line":"173","message":"{\"seat\":3,\"left_tile_count\":42,\"zhenting\":false}"}
{"time":"2021-01-15T22:33:24.191286-07:00","level":"INFO","prefix":"echo","file":"server.go","line":"173","message":"{\"seat\":3,\"tile\":\"3p\",\"is_liqi\":false,\"moqie\":false,\"zhenting\":false,\"is_wliqi\":false}"}
{"time":"2021-01-15T22:33:24.744418-07:00","level":"INFO","prefix":"echo","file":"server.go","line":"173","message":"{\"seat\":0,\"left_tile_count\":41,\"zhenting\":false}"}
{"time":"2021-01-15T22:33:26.993232-07:00","level":"INFO","prefix":"echo","file":"server.go","line":"173","message":"{\"seat\":0,\"tile\":\"3p\",\"is_liqi\":false,\"moqie\":false,\"zhenting\":false,\"is_wliqi\":false}"}
{"time":"2021-01-15T22:33:29.612954-07:00","level":"INFO","prefix":"echo","file":"server.go","line":"173","message":"{\"seat\":1,\"tile\":\"5p\",\"left_tile_count\":40,\"operation\":{\"seat\":1,\"time_add\":1000,\"time_fixed\":5000},\"zhenting\":false,\"tingpais\":[{\"tile\":\"5p\",\"zhenting\":false,\"infos\":[{\"tile\":\"7s\",\"haveyi\":true,\"yiman\":false,\"count\":2,\"fu\":40,\"biao_dora_count\":0,\"yiman_zimo\":false,\"count_zimo\":3,\"fu_zimo\":30}]},{\"tile\":\"8p\",\"zhenting\":false,\"infos\":[{\"tile\":\"7s\",\"haveyi\":true,\"yiman\":false,\"count\":1,\"fu\":40,\"biao_dora_count\":0,\"yiman_zimo\":false,\"count_zimo\":2,\"fu_zimo\":30}]},{\"tile\":\"7s\",\"zhenting\":false,\"infos\":[{\"tile\":\"8p\",\"haveyi\":true,\"yiman\":false,\"count\":2,\"fu\":30,\"biao_dora_count\":0,\"yiman_zimo\":false,\"count_zimo\":3,\"fu_zimo\":20},{\"tile\":\"5p\",\"haveyi\":true,\"yiman\":false,\"count\":3,\"fu\":30,\"biao_dora_count\":0,\"yiman_zimo\":false,\"count_zimo\":4,\"fu_zimo\":20}]}]}"}
{"time":"2021-01-15T22:33:30.429998-07:00","level":"INFO","prefix":"echo","file":"server.go","line":"173","message":"{\"seat\":1,\"tile\":\"5p\",\"is_liqi\":false,\"moqie\":true,\"zhenting\":false,\"tingpais\":[{\"tile\":\"7s\",\"haveyi\":true,\"yiman\":false,\"count\":2,\"fu\":40,\"biao_dora_count\":0,\"yiman_zimo\":false,\"count_zimo\":3,\"fu_zimo\":30}],\"is_wliqi\":false}"}
{"time":"2021-01-15T22:33:32.60615-07:00","level":"INFO","prefix":"echo","file":"server.go","line":"173","message":"{\"seat\":3,\"type\":1,\"tiles\":[\"0p\",\"5p\",\"5p\"],\"froms\":[3,3,1],\"zhenting\":false,\"tile_states\":[0,0]}"}
{"time":"2021-01-15T22:33:34.80639-07:00","level":"INFO","prefix":"echo","file":"server.go","line":"173","message":"{\"seat\":3,\"tile\":\"9m\",\"is_liqi\":false,\"moqie\":false,\"zhenting\":false,\"is_wliqi\":false}"}
{"time":"2021-01-15T22:33:35.377889-07:00","level":"INFO","prefix":"echo","file":"server.go","line":"173","message":"{\"seat\":0,\"left_tile_count\":39,\"zhenting\":false}"}
{"time":"2021-01-15T22:33:37.889767-07:00","level":"INFO","prefix":"echo","file":"server.go","line":"173","message":"{\"seat\":0,\"tile\":\"7m\",\"is_liqi\":true,\"moqie\":false,\"zhenting\":false,\"is_wliqi\":false}"}
{"time":"2021-01-15T22:33:38.485639-07:00","level":"INFO","prefix":"echo","file":"server.go","line":"173","message":"{\"seat\":1,\"tile\":\"8s\",\"left_tile_count\":38,\"operation\":{\"seat\":1,\"time_add\":1000,\"time_fixed\":5000},\"liqi\":{\"seat\":0,\"score\":24000,\"liqibang\":2},\"zhenting\":false,\"tingpais\":[{\"tile\":\"7s\",\"zhenting\":true,\"infos\":[{\"tile\":\"8s\",\"haveyi\":true,\"yiman\":false,\"count\":2,\"fu\":40,\"biao_dora_count\":0,\"yiman_zimo\":false,\"count_zimo\":3,\"fu_zimo\":30}]},{\"tile\":\"8s\",\"zhenting\":false,\"infos\":[{\"tile\":\"7s\",\"haveyi\":true,\"yiman\":false,\"count\":2,\"fu\":40,\"biao_dora_count\":0,\"yiman_zimo\":false,\"count_zimo\":3,\"fu_zimo\":30}]}]}"}
{"time":"2021-01-15T22:33:38.485802-07:00","level":"INFO","prefix":"echo","file":"server.go","line":"173","message":"{\"seat\":0,\"score\":24000,\"liqibang\":2}"}
{"time":"2021-01-15T22:33:39.192315-07:00","level":"INFO","prefix":"echo","file":"server.go","line":"173","message":"{\"seat\":1,\"tile\":\"8s\",\"is_liqi\":false,\"moqie\":true,\"zhenting\":false,\"tingpais\":[{\"tile\":\"7s\",\"haveyi\":true,\"yiman\":false,\"count\":2,\"fu\":40,\"biao_dora_count\":0,\"yiman_zimo\":false,\"count_zimo\":3,\"fu_zimo\":30}],\"is_wliqi\":false}"}
{"time":"2021-01-15T22:33:39.768361-07:00","level":"INFO","prefix":"echo","file":"server.go","line":"173","message":"{\"seat\":2,\"left_tile_count\":37,\"zhenting\":false}"}
{"time":"2021-01-15T22:33:41.877127-07:00","level":"INFO","prefix":"echo","file":"server.go","line":"173","message":"{\"seat\":2,\"tile\":\"5z\",\"is_liqi\":false,\"moqie\":false,\"zhenting\":false,\"is_wliqi\":false}"}
{"time":"2021-01-15T22:33:42.44487-07:00","level":"INFO","prefix":"echo","file":"server.go","line":"173","message":"{\"seat\":3,\"left_tile_count\":36,\"zhenting\":false}"}
{"time":"2021-01-15T22:33:47.290491-07:00","level":"INFO","prefix":"echo","file":"server.go","line":"173","message":"{\"seat\":3,\"tile\":\"2s\",\"is_liqi\":false,\"moqie\":false,\"zhenting\":false,\"is_wliqi\":false}"}
{"time":"2021-01-15T22:33:47.835872-07:00","level":"INFO","prefix":"echo","file":"server.go","line":"173","message":"{\"seat\":0,\"left_tile_count\":35,\"zhenting\":false}"}
{"time":"2021-01-15T22:33:48.560049-07:00","level":"INFO","prefix":"echo","file":"server.go","line":"173","message":"{\"seat\":0,\"tile\":\"2m\",\"is_liqi\":false,\"moqie\":true,\"zhenting\":false,\"is_wliqi\":false}"}
{"time":"2021-01-15T22:33:49.126234-07:00","level":"INFO","prefix":"echo","file":"server.go","line":"173","message":"{\"seat\":1,\"tile\":\"8s\",\"left_tile_count\":34,\"operation\":{\"seat\":1,\"time_add\":1000,\"time_fixed\":5000},\"zhenting\":false,\"tingpais\":[{\"tile\":\"7s\",\"zhenting\":true,\"infos\":[{\"tile\":\"8s\",\"haveyi\":true,\"yiman\":false,\"count\":2,\"fu\":40,\"biao_dora_count\":0,\"yiman_zimo\":false,\"count_zimo\":3,\"fu_zimo\":30}]},{\"tile\":\"8s\",\"zhenting\":false,\"infos\":[{\"tile\":\"7s\",\"haveyi\":true,\"yiman\":false,\"count\":2,\"fu\":40,\"biao_dora_count\":0,\"yiman_zimo\":false,\"count_zimo\":3,\"fu_zimo\":30}]}]}"}
{"time":"2021-01-15T22:33:49.890089-07:00","level":"INFO","prefix":"echo","file":"server.go","line":"173","message":"{\"seat\":1,\"tile\":\"8s\",\"is_liqi\":false,\"moqie\":true,\"zhenting\":false,\"tingpais\":[{\"tile\":\"7s\",\"haveyi\":true,\"yiman\":false,\"count\":2,\"fu\":40,\"biao_dora_count\":0,\"yiman_zimo\":false,\"count_zimo\":3,\"fu_zimo\":30}],\"is_wliqi\":false}"}
{"time":"2021-01-15T22:33:50.445086-07:00","level":"INFO","prefix":"echo","file":"server.go","line":"173","message":"{\"seat\":2,\"left_tile_count\":33,\"zhenting\":false}"}
{"time":"2021-01-15T22:33:51.841866-07:00","level":"INFO","prefix":"echo","file":"server.go","line":"173","message":"{\"seat\":2,\"tile\":\"6m\",\"is_liqi\":false,\"moqie\":false,\"zhenting\":false,\"is_wliqi\":false}"}
{"time":"2021-01-15T22:33:53.89464-07:00","level":"INFO","prefix":"echo","file":"server.go","line":"173","message":"{\"seat\":3,\"left_tile_count\":32,\"zhenting\":false}"}
{"time":"2021-01-15T22:33:55.375435-07:00","level":"INFO","prefix":"echo","file":"server.go","line":"173","message":"{\"seat\":3,\"type\":3,\"tiles\":\"1p\"}"}
{"time":"2021-01-15T22:33:56.537967-07:00","level":"INFO","prefix":"echo","file":"server.go","line":"173","message":"{\"seat\":3,\"left_tile_count\":31,\"doras\":[\"9p\",\"4s\"],\"zhenting\":false}"}
{"time":"2021-01-15T22:33:58.168707-07:00","level":"INFO","prefix":"echo","file":"server.go","line":"173","message":"{\"seat\":3,\"tile\":\"3s\",\"is_liqi\":false,\"moqie\":false,\"zhenting\":false,\"is_wliqi\":false}"}
{"time":"2021-01-15T22:33:58.70521-07:00","level":"INFO","prefix":"echo","file":"server.go","line":"173","message":"{\"seat\":0,\"left_tile_count\":30,\"zhenting\":false}"}
{"time":"2021-01-15T22:33:59.473635-07:00","level":"INFO","prefix":"echo","file":"server.go","line":"173","message":"{\"seat\":0,\"tile\":\"1z\",\"is_liqi\":false,\"moqie\":true,\"zhenting\":false,\"is_wliqi\":false}"}
{"time":"2021-01-15T22:34:00.016771-07:00","level":"INFO","prefix":"echo","file":"server.go","line":"173","message":"{\"seat\":1,\"tile\":\"4z\",\"left_tile_count\":29,\"operation\":{\"seat\":1,\"time_add\":1000,\"time_fixed\":5000},\"zhenting\":false,\"tingpais\":[{\"tile\":\"7s\",\"zhenting\":false,\"infos\":[{\"tile\":\"4z\",\"haveyi\":true,\"yiman\":false,\"count\":2,\"fu\":40,\"biao_dora_count\":1,\"yiman_zimo\":false,\"count_zimo\":3,\"fu_zimo\":30}]},{\"tile\":\"4z\",\"zhenting\":false,\"infos\":[{\"tile\":\"7s\",\"haveyi\":true,\"yiman\":false,\"count\":2,\"fu\":40,\"biao_dora_count\":1,\"yiman_zimo\":false,\"count_zimo\":3,\"fu_zimo\":30}]}]}"}
{"time":"2021-01-15T22:34:00.795982-07:00","level":"INFO","prefix":"echo","file":"server.go","line":"173","message":"{\"seat\":1,\"tile\":\"4z\",\"is_liqi\":false,\"moqie\":true,\"zhenting\":false,\"tingpais\":[{\"tile\":\"7s\",\"haveyi\":true,\"yiman\":false,\"count\":2,\"fu\":40,\"biao_dora_count\":1,\"yiman_zimo\":false,\"count_zimo\":3,\"fu_zimo\":30}],\"is_wliqi\":false}"}
{"time":"2021-01-15T22:34:01.354821-07:00","level":"INFO","prefix":"echo","file":"server.go","line":"173","message":"{\"seat\":2,\"left_tile_count\":28,\"zhenting\":false}"}
{"time":"2021-01-15T22:34:04.210415-07:00","level":"INFO","prefix":"echo","file":"server.go","line":"173","message":"{\"seat\":2,\"tile\":\"1s\",\"is_liqi\":false,\"moqie\":false,\"zhenting\":false,\"is_wliqi\":false}"}
{"time":"2021-01-15T22:34:04.758078-07:00","level":"INFO","prefix":"echo","file":"server.go","line":"173","message":"{\"seat\":3,\"left_tile_count\":27,\"zhenting\":false}"}
{"time":"2021-01-15T22:34:06.668091-07:00","level":"INFO","prefix":"echo","file":"server.go","line":"173","message":"{\"seat\":3,\"tile\":\"9p\",\"is_liqi\":false,\"moqie\":true,\"zhenting\":false,\"is_wliqi\":false}"}
{"time":"2021-01-15T22:34:07.229145-07:00","level":"INFO","prefix":"echo","file":"server.go","line":"173","message":"{\"seat\":0,\"left_tile_count\":26,\"zhenting\":false}"}
{"time":"2021-01-15T22:34:07.966621-07:00","level":"INFO","prefix":"echo","file":"server.go","line":"173","message":"{\"seat\":0,\"tile\":\"3s\",\"is_liqi\":false,\"moqie\":true,\"zhenting\":false,\"is_wliqi\":false}"}
{"time":"2021-01-15T22:34:08.535485-07:00","level":"INFO","prefix":"echo","file":"server.go","line":"173","message":"{\"seat\":1,\"tile\":\"7p\",\"left_tile_count\":25,\"operation\":{\"seat\":1,\"time_add\":1000,\"time_fixed\":5000},\"zhenting\":false,\"tingpais\":[{\"tile\":\"7p\",\"zhenting\":false,\"infos\":[{\"tile\":\"7s\",\"haveyi\":true,\"yiman\":false,\"count\":2,\"fu\":40,\"biao_dora_count\":1,\"yiman_zimo\":false,\"count_zimo\":3,\"fu_zimo\":30}]},{\"tile\":\"7s\",\"zhenting\":true,\"infos\":[{\"tile\":\"7p\",\"haveyi\":true,\"yiman\":false,\"count\":2,\"fu\":40,\"biao_dora_count\":1,\"yiman_zimo\":false,\"count_zimo\":3,\"fu_zimo\":30},{\"tile\":\"8p\",\"haveyi\":true,\"yiman\":false,\"count\":1,\"fu\":40,\"biao_dora_count\":1,\"yiman_zimo\":false,\"count_zimo\":2,\"fu_zimo\":30},{\"tile\":\"6p\",\"haveyi\":true,\"yiman\":false,\"count\":1,\"fu\":40,\"biao_dora_count\":1,\"yiman_zimo\":false,\"count_zimo\":2,\"fu_zimo\":30}]}]}"}
{"time":"2021-01-15T22:34:09.262618-07:00","level":"INFO","prefix":"echo","file":"server.go","line":"173","message":"{\"seat\":1,\"tile\":\"7p\",\"is_liqi\":false,\"moqie\":true,\"zhenting\":false,\"tingpais\":[{\"tile\":\"7s\",\"haveyi\":true,\"yiman\":false,\"count\":2,\"fu\":40,\"biao_dora_count\":1,\"yiman_zimo\":false,\"count_zimo\":3,\"fu_zimo\":30}],\"is_wliqi\":false}"}
{"time":"2021-01-15T22:34:09.798213-07:00","level":"INFO","prefix":"echo","file":"server.go","line":"173","message":"{\"seat\":2,\"left_tile_count\":24,\"zhenting\":false}"}
{"time":"2021-01-15T22:34:11.881925-07:00","level":"INFO","prefix":"echo","file":"server.go","line":"173","message":"{\"seat\":2,\"tile\":\"4p\",\"is_liqi\":false,\"moqie\":true,\"zhenting\":false,\"is_wliqi\":false}"}
{"time":"2021-01-15T22:34:12.428428-07:00","level":"INFO","prefix":"echo","file":"server.go","line":"173","message":"{\"seat\":3,\"left_tile_count\":23,\"zhenting\":false}"}
{"time":"2021-01-15T22:34:14.445051-07:00","level":"INFO","prefix":"echo","file":"server.go","line":"173","message":"{\"seat\":3,\"tile\":\"6p\",\"is_liqi\":false,\"moqie\":true,\"zhenting\":false,\"is_wliqi\":false}"}
{"time":"2021-01-15T22:34:14.99743-07:00","level":"INFO","prefix":"echo","file":"server.go","line":"173","message":"{\"seat\":0,\"left_tile_count\":22,\"zhenting\":false}"}
{"time":"2021-01-15T22:34:15.755854-07:00","level":"INFO","prefix":"echo","file":"server.go","line":"173","message":"{\"seat\":0,\"tile\":\"8p\",\"is_liqi\":false,\"moqie\":true,\"zhenting\":false,\"is_wliqi\":false}"}
{"time":"2021-01-15T22:34:16.308055-07:00","level":"INFO","prefix":"echo","file":"server.go","line":"173","message":"{\"seat\":1,\"tile\":\"2m\",\"left_tile_count\":21,\"operation\":{\"seat\":1,\"time_add\":1000,\"time_fixed\":5000},\"zhenting\":false,\"tingpais\":[{\"tile\":\"2m\",\"zhenting\":false,\"infos\":[{\"tile\":\"7s\",\"haveyi\":true,\"yiman\":false,\"count\":2,\"fu\":40,\"biao_dora_count\":1,\"yiman_zimo\":false,\"count_zimo\":3,\"fu_zimo\":30}]},{\"tile\":\"7s\",\"zhenting\":false,\"infos\":[{\"tile\":\"2m\",\"haveyi\":true,\"yiman\":false,\"count\":2,\"fu\":40,\"biao_dora_count\":1,\"yiman_zimo\":false,\"count_zimo\":3,\"fu_zimo\":30}]}]}"}
{"time":"2021-01-15T22:34:17.053444-07:00","level":"INFO","prefix":"echo","file":"server.go","line":"173","message":"{\"seat\":1,\"tile\":\"2m\",\"is_liqi\":false,\"moqie\":true,\"zhenting\":false,\"tingpais\":[{\"tile\":\"7s\",\"haveyi\":true,\"yiman\":false,\"count\":2,\"fu\":40,\"biao_dora_count\":1,\"yiman_zimo\":false,\"count_zimo\":3,\"fu_zimo\":30}],\"is_wliqi\":false}"}
{"time":"2021-01-15T22:34:17.60366-07:00","level":"INFO","prefix":"echo","file":"server.go","line":"173","message":"{\"seat\":2,\"left_tile_count\":20,\"zhenting\":false}"}
{"time":"2021-01-15T22:34:19.409021-07:00","level":"INFO","prefix":"echo","file":"server.go","line":"173","message":"{\"seat\":2,\"tile\":\"9p\",\"is_liqi\":false,\"moqie\":true,\"zhenting\":false,\"is_wliqi\":false}"}
{"time":"2021-01-15T22:34:19.953979-07:00","level":"INFO","prefix":"echo","file":"server.go","line":"173","message":"{\"seat\":3,\"left_tile_count\":19,\"zhenting\":false}"}
{"time":"2021-01-15T22:34:21.280335-07:00","level":"INFO","prefix":"echo","file":"server.go","line":"173","message":"{\"seat\":3,\"tile\":\"9s\",\"is_liqi\":false,\"moqie\":true,\"zhenting\":false,\"is_wliqi\":false}"}
{"time":"2021-01-15T22:34:21.81451-07:00","level":"INFO","prefix":"echo","file":"server.go","line":"173","message":"{\"seat\":0,\"left_tile_count\":18,\"zhenting\":false}"}
{"time":"2021-01-15T22:34:22.583389-07:00","level":"INFO","prefix":"echo","file":"server.go","line":"173","message":"{\"seat\":0,\"tile\":\"1m\",\"is_liqi\":false,\"moqie\":true,\"zhenting\":false,\"is_wliqi\":false}"}
{"time":"2021-01-15T22:34:23.125232-07:00","level":"INFO","prefix":"echo","file":"server.go","line":"173","message":"{\"seat\":1,\"tile\":\"7z\",\"left_tile_count\":17,\"operation\":{\"seat\":1,\"time_add\":1000,\"time_fixed\":5000},\"zhenting\":false,\"tingpais\":[{\"tile\":\"7s\",\"zhenting\":true,\"infos\":[{\"tile\":\"7z\",\"haveyi\":true,\"yiman\":false,\"count\":2,\"fu\":40,\"biao_dora_count\":1,\"yiman_zimo\":false,\"count_zimo\":3,\"fu_zimo\":30}]},{\"tile\":\"7z\",\"zhenting\":false,\"infos\":[{\"tile\":\"7s\",\"haveyi\":true,\"yiman\":false,\"count\":2,\"fu\":40,\"biao_dora_count\":1,\"yiman_zimo\":false,\"count_zimo\":3,\"fu_zimo\":30}]}]}"}
{"time":"2021-01-15T22:34:23.874267-07:00","level":"INFO","prefix":"echo","file":"server.go","line":"173","message":"{\"seat\":1,\"tile\":\"7z\",\"is_liqi\":false,\"moqie\":true,\"zhenting\":false,\"tingpais\":[{\"tile\":\"7s\",\"haveyi\":true,\"yiman\":false,\"count\":2,\"fu\":40,\"biao_dora_count\":1,\"yiman_zimo\":false,\"count_zimo\":3,\"fu_zimo\":30}],\"is_wliqi\":false}"}
{"time":"2021-01-15T22:34:24.448386-07:00","level":"INFO","prefix":"echo","file":"server.go","line":"173","message":"{\"seat\":2,\"left_tile_count\":16,\"zhenting\":false}"}
{"time":"2021-01-15T22:34:26.350401-07:00","level":"INFO","prefix":"echo","file":"server.go","line":"173","message":"{\"seat\":2,\"tile\":\"1s\",\"is_liqi\":false,\"moqie\":true,\"zhenting\":false,\"is_wliqi\":false}"}
{"time":"2021-01-15T22:34:26.913525-07:00","level":"INFO","prefix":"echo","file":"server.go","line":"173","message":"{\"seat\":3,\"left_tile_count\":15,\"zhenting\":false}"}
{"time":"2021-01-15T22:34:30.151352-07:00","level":"INFO","prefix":"echo","file":"server.go","line":"173","message":"{\"seat\":3,\"tile\":\"0s\",\"is_liqi\":false,\"moqie\":false,\"zhenting\":false,\"is_wliqi\":false}"}
{"time":"2021-01-15T22:34:30.728602-07:00","level":"INFO","prefix":"echo","file":"server.go","line":"173","message":"{\"seat\":0,\"left_tile_count\":14,\"zhenting\":false}"}
{"time":"2021-01-15T22:34:31.435613-07:00","level":"INFO","prefix":"echo","file":"server.go","line":"173","message":"{\"seat\":0,\"tile\":\"2p\",\"is_liqi\":false,\"moqie\":true,\"zhenting\":false,\"is_wliqi\":false}"}
{"time":"2021-01-15T22:34:32.01271-07:00","level":"INFO","prefix":"echo","file":"server.go","line":"173","message":"{\"seat\":1,\"tile\":\"7s\",\"left_tile_count\":13,\"operation\":{\"seat\":1,\"operation_list\":[{\"type\":8}],\"time_add\":1000,\"time_fixed\":5000},\"zhenting\":false,\"tingpais\":[{\"tile\":\"1m\",\"zhenting\":true,\"infos\":[{\"tile\":\"1m\",\"haveyi\":true,\"yiman\":false,\"count\":3,\"fu\":30,\"biao_dora_count\":1,\"yiman_zimo\":false,\"count_zimo\":4,\"fu_zimo\":20},{\"tile\":\"4m\",\"haveyi\":true,\"yiman\":false,\"count\":4,\"fu\":30,\"biao_dora_count\":1,\"yiman_zimo\":false,\"count_zimo\":5,\"fu_zimo\":20}]},{\"tile\":\"2m\",\"zhenting\":true,\"infos\":[{\"tile\":\"2m\",\"haveyi\":true,\"yiman\":false,\"count\":2,\"fu\":40,\"biao_dora_count\":1,\"yiman_zimo\":false,\"count_zimo\":3,\"fu_zimo\":30}]},{\"tile\":\"3m\",\"zhenting\":true,\"infos\":[{\"tile\":\"3m\",\"haveyi\":true,\"yiman\":false,\"count\":2,\"fu\":40,\"biao_dora_count\":1,\"yiman_zimo\":false,\"count_zimo\":3,\"fu_zimo\":30}]},{\"tile\":\"6p\",\"zhenting\":true,\"infos\":[{\"tile\":\"6p\",\"haveyi\":true,\"yiman\":false,\"count\":3,\"fu\":30,\"biao_dora_count\":1,\"yiman_zimo\":false,\"count_zimo\":4,\"fu_zimo\":20},{\"tile\":\"9p\",\"haveyi\":true,\"yiman\":false,\"count\":2,\"fu\":30,\"biao_dora_count\":1,\"yiman_zimo\":false,\"count_zimo\":3,\"fu_zimo\":20}]},{\"tile\":\"7p\",\"zhenting\":true,\"infos\":[{\"tile\":\"7p\",\"haveyi\":true,\"yiman\":false,\"count\":2,\"fu\":40,\"biao_dora_count\":1,\"yiman_zimo\":false,\"count_zimo\":3,\"fu_zimo\":30}]},{\"tile\":\"8p\",\"zhenting\":true,\"infos\":[{\"tile\":\"5p\",\"haveyi\":true,\"yiman\":false,\"count\":2,\"fu\":30,\"biao_dora_count\":1,\"yiman_zimo\":false,\"count_zimo\":3,\"fu_zimo\":20},{\"tile\":\"8p\",\"haveyi\":true,\"yiman\":false,\"count\":3,\"fu\":30,\"biao_dora_count\":1,\"yiman_zimo\":false,\"count_zimo\":4,\"fu_zimo\":20}]},{\"tile\":\"3s\",\"zhenting\":true,\"infos\":[{\"tile\":\"3s\",\"haveyi\":true,\"yiman\":false,\"count\":3,\"fu\":30,\"biao_dora_count\":1,\"yiman_zimo\":false,\"count_zimo\":4,\"fu_zimo\":20},{\"tile\":\"6s\",\"haveyi\":true,\"yiman\":false,\"count\":3,\"fu\":30,\"biao_dora_count\":1,\"yiman_zimo\":false,\"count_zimo\":4,\"fu_zimo\":20}]},{\"tile\":\"4s\",\"zhenting\":true,\"infos\":[{\"tile\":\"4s\",\"haveyi\":true,\"yiman\":false,\"count\":2,\"fu\":40,\"biao_dora_count\":1,\"yiman_zimo\":false,\"count_zimo\":3,\"fu_zimo\":30}]},{\"tile\":\"5s\",\"zhenting\":true,\"infos\":[{\"tile\":\"2s\",\"haveyi\":true,\"yiman\":false,\"count\":3,\"fu\":30,\"biao_dora_count\":0,\"yiman_zimo\":false,\"count_zimo\":4,\"fu_zimo\":20},{\"tile\":\"5s\",\"haveyi\":true,\"yiman\":false,\"count\":3,\"fu\":30,\"biao_dora_count\":1,\"yiman_zimo\":false,\"count_zimo\":4,\"fu_zimo\":20}]},{\"tile\":\"7s\",\"zhenting\":true,\"infos\":[{\"tile\":\"7s\",\"haveyi\":true,\"yiman\":false,\"count\":2,\"fu\":40,\"biao_dora_count\":1,\"yiman_zimo\":false,\"count_zimo\":3,\"fu_zimo\":30}]}]}"}
{"time":"2021-01-15T22:34:33.503489-07:00","level":"INFO","prefix":"echo","file":"server.go","line":"173","message":"{\"hules\":[{\"seat\":1,\"hand_count\":13,\"hand\":[\"1m\",\"2m\",\"3m\",\"6p\",\"6p\",\"7p\",\"7p\",\"8p\",\"8p\",\"3s\",\"4s\",\"5s\",\"7s\"],\"hu_tile\":\"7s\",\"zimo\":true,\"yiman\":false,\"count\":4,\"fans\":[{\"val\":1,\"id\":13},{\"val\":1,\"id\":1},{\"val\":1,\"id\":2},{\"val\":1,\"id\":31},{\"val\":0,\"id\":33}],\"fu\":30,\"title_id\":0}],\"old_scores\":[24000,24000,25000,25000],\"delta_scores\":[-3900,9900,-2000,-2000],\"scores\":[20100,33900,23000,23000],\"zhenting\":false}"}
{"time":"2021-01-15T22:34:39.8286-07:00","level":"INFO","prefix":"echo","file":"server.go","line":"173","message":"{\"seat\":2,\"left_tile_count\":12,\"zhenting\":false}"}
{"time":"2021-01-15T22:34:42.377391-07:00","level":"INFO","prefix":"echo","file":"server.go","line":"173","message":"{\"seat\":2,\"tile\":\"8m\",\"is_liqi\":false,\"moqie\":false,\"zhenting\":false,\"is_wliqi\":false}"}
{"time":"2021-01-15T22:34:43.952075-07:00","level":"INFO","prefix":"echo","file":"server.go","line":"173","message":"{\"seat\":3,\"type\":2,\"tiles\":[\"8m\",\"8m\",\"8m\",\"8m\"],\"froms\":[3,3,3,2],\"zhenting\":false,\"tile_states\":[0,0,0]}"}
{"time":"2021-01-15T22:34:45.116636-07:00","level":"INFO","prefix":"echo","file":"server.go","line":"173","message":"{\"seat\":3,\"left_tile_count\":11,\"doras\":[\"9p\",\"4s\"],\"zhenting\":false}"}
{"time":"2021-01-15T22:34:48.088531-07:00","level":"INFO","prefix":"echo","file":"server.go","line":"173","message":"{\"seat\":3,\"tile\":\"2m\",\"is_liqi\":false,\"moqie\":true,\"zhenting\":false,\"doras\":[\"9p\",\"4s\",\"2p\"],\"is_wliqi\":false}"}
{"time":"2021-01-15T22:34:48.659902-07:00","level":"INFO","prefix":"echo","file":"server.go","line":"173","message":"{\"seat\":0,\"left_tile_count\":10,\"zhenting\":false}"}
{"time":"2021-01-15T22:34:49.397627-07:00","level":"INFO","prefix":"echo","file":"server.go","line":"173","message":"{\"seat\":0,\"tile\":\"7p\",\"is_liqi\":false,\"moqie\":true,\"zhenting\":false,\"is_wliqi\":false}"}
{"time":"2021-01-15T22:34:49.941428-07:00","level":"INFO","prefix":"echo","file":"server.go","line":"173","message":"{\"seat\":2,\"left_tile_count\":9,\"zhenting\":false}"}
{"time":"2021-01-15T22:34:51.276256-07:00","level":"INFO","prefix":"echo","file":"server.go","line":"173","message":"{\"seat\":2,\"tile\":\"4p\",\"is_liqi\":false,\"moqie\":false,\"zhenting\":false,\"is_wliqi\":false}"}
{"time":"2021-01-15T22:34:51.825779-07:00","level":"INFO","prefix":"echo","file":"server.go","line":"173","message":"{\"seat\":3,\"left_tile_count\":8,\"zhenting\":false}"}
{"time":"2021-01-15T22:34:53.667453-07:00","level":"INFO","prefix":"echo","file":"server.go","line":"173","message":"{\"seat\":3,\"tile\":\"8s\",\"is_liqi\":false,\"moqie\":true,\"zhenting\":false,\"is_wliqi\":false}"}
{"time":"2021-01-15T22:34:54.208206-07:00","level":"INFO","prefix":"echo","file":"server.go","line":"173","message":"{\"seat\":0,\"left_tile_count\":7,\"zhenting\":false}"}
{"time":"2021-01-15T22:34:54.95414-07:00","level":"INFO","prefix":"echo","file":"server.go","line":"173","message":"{\"seat\":0,\"tile\":\"6z\",\"is_liqi\":false,\"moqie\":true,\"zhenting\":false,\"is_wliqi\":false}"}
{"time":"2021-01-15T22:34:55.497753-07:00","level":"INFO","prefix":"echo","file":"server.go","line":"173","message":"{\"seat\":2,\"left_tile_count\":6,\"zhenting\":false}"}
{"time":"2021-01-15T22:34:56.531724-07:00","level":"INFO","prefix":"echo","file":"server.go","line":"173","message":"{\"seat\":2,\"tile\":\"6z\",\"is_liqi\":false,\"moqie\":false,\"zhenting\":false,\"is_wliqi\":false}"}
{"time":"2021-01-15T22:34:57.067508-07:00","level":"INFO","prefix":"echo","file":"server.go","line":"173","message":"{\"seat\":3,\"left_tile_count\":5,\"zhenting\":false}"}
{"time":"2021-01-15T22:35:00.879662-07:00","level":"INFO","prefix":"echo","file":"server.go","line":"173","message":"{\"seat\":3,\"tile\":\"2p\",\"is_liqi\":false,\"moqie\":true,\"zhenting\":false,\"is_wliqi\":false}"}
{"time":"2021-01-15T22:35:01.418258-07:00","level":"INFO","prefix":"echo","file":"server.go","line":"173","message":"{\"seat\":0,\"left_tile_count\":4,\"zhenting\":false}"}
{"time":"2021-01-15T22:35:02.170759-07:00","level":"INFO","prefix":"echo","file":"server.go","line":"173","message":"{\"seat\":0,\"tile\":\"7z\",\"is_liqi\":false,\"moqie\":true,\"zhenting\":false,\"is_wliqi\":false}"}
{"time":"2021-01-15T22:35:02.717309-07:00","level":"INFO","prefix":"echo","file":"server.go","line":"173","message":"{\"seat\":2,\"left_tile_count\":3,\"zhenting\":false}"}
{"time":"2021-01-15T22:35:03.944192-07:00","level":"INFO","prefix":"echo","file":"server.go","line":"173","message":"{\"seat\":2,\"tile\":\"5z\",\"is_liqi\":false,\"moqie\":true,\"zhenting\":false,\"is_wliqi\":false}"}
{"time":"2021-01-15T22:35:04.508899-07:00","level":"INFO","prefix":"echo","file":"server.go","line":"173","message":"{\"seat\":3,\"left_tile_count\":2,\"zhenting\":false}"}
{"time":"2021-01-15T22:35:06.116207-07:00","level":"INFO","prefix":"echo","file":"server.go","line":"173","message":"{\"seat\":3,\"tile\":\"7s\",\"is_liqi\":false,\"moqie\":true,\"zhenting\":false,\"is_wliqi\":false}"}
{"time":"2021-01-15T22:35:07.646462-07:00","level":"INFO","prefix":"echo","file":"server.go","line":"173","message":"{\"hules\":[{\"seat\":0,\"hand_count\":13,\"hand\":[\"3m\",\"4m\",\"4m\",\"4m\",\"4m\",\"5m\",\"9m\",\"9m\",\"1s\",\"2s\",\"3s\",\"5s\",\"6s\"],\"hu_tile\":\"7s\",\"zimo\":false,\"yiman\":false,\"count\":2,\"fans\":[{\"val\":1,\"id\":2},{\"val\":1,\"id\":31},{\"val\":0,\"id\":33}],\"fu\":40,\"title_id\":0},{\"seat\":2,\"hand_count\":7,\"hand\":[\"4s\",\"4s\",\"5s\",\"6s\",\"3z\",\"3z\",\"3z\"],\"ming\":[\"kezi(2z,2z,2z)\",\"shunzi(6s,7s,8s)\"],\"hu_tile\":\"7s\",\"zimo\":false,\"yiman\":false,\"count\":4,\"fans\":[{\"val\":2,\"id\":27},{\"val\":1,\"id\":10},{\"val\":1,\"id\":31}],\"fu\":40,\"title_id\":1}],\"old_scores\":[20100,33900,23000,23000],\"delta_scores\":[3900,0,8000,-11900],\"scores\":[24000,33900,31000,11100],\"hules_history\":[{\"hand\":[\"1m\",\"2m\",\"3m\",\"6p\",\"6p\",\"7p\",\"7p\",\"8p\",\"8p\",\"3s\",\"4s\",\"5s\",\"7s\"],\"hu_tile\":\"7s\",\"seat\":1,\"zimo\":true,\"qinjia\":false,\"liqi\":true,\"doras\":[\"9p\",\"4s\"],\"li_doras\":[\"3p\",\"7m\"],\"yiman\":false,\"count\":4,\"fans\":[{\"val\":1,\"id\":13},{\"val\":1,\"id\":1},{\"val\":1,\"id\":2},{\"val\":1,\"id\":31},{\"val\":0,\"id\":33}],\"fu\":30,\"point_rong\":7700,\"point_zimo_qin\":3900,\"point_zimo_xian\":2000,\"title_id\":0,\"point_sum\":7900,\"dadian\":7900},{\"hand\":[\"3m\",\"4m\",\"4m\",\"4m\",\"4m\",\"5m\",\"9m\",\"9m\",\"1s\",\"2s\",\"3s\",\"5s\",\"6s\"],\"hu_tile\":\"7s\",\"seat\":0,\"zimo\":false,\"qinjia\":true,\"liqi\":true,\"doras\":[\"9p\",\"4s\",\"2p\"],\"li_doras\":[\"3p\",\"7m\",\"7z\"],\"yiman\":false,\"count\":2,\"fans\":[{\"val\":1,\"id\":2},{\"val\":1,\"id\":31},{\"val\":0,\"id\":33}],\"fu\":40,\"point_rong\":3900,\"point_zimo_xian\":1300,\"title_id\":0,\"point_sum\":3900,\"dadian\":3900},{\"hand\":[\"4s\",\"4s\",\"5s\",\"6s\",\"3z\",\"3z\",\"3z\"],\"ming\":[\"kezi(2z,2z,2z)\",\"shunzi(6s,7s,8s)\"],\"hu_tile\":\"7s\",\"seat\":2,\"zimo\":false,\"qinjia\":false,\"liqi\":false,\"doras\":[\"9p\",\"4s\",\"2p\"],\"yiman\":false,\"count\":4,\"fans\":[{\"val\":2,\"id\":27},{\"val\":1,\"id\":10},{\"val\":1,\"id\":31}],\"fu\":40,\"point_rong\":8000,\"point_zimo_qin\":4000,\"point_zimo_xian\":2000,\"title_id\":1,\"point_sum\":8000,\"dadian\":8000}]}"}
{"time":"2021-01-15T22:35:35.872344-07:00","level":"INFO","prefix":"echo","file":"server.go","line":"173","message":"{\"chang\":0,\"ju\":1,\"ben\":0,\"tiles\":[\"6m\",\"7m\",\"3p\",\"4p\",\"7p\",\"8p\",\"2s\",\"3s\",\"0s\",\"7s\",\"8s\",\"1z\",\"4z\",\"6z\"],\"scores\":[24000,33900,31000,11100],\"operation\":{\"seat\":1,\"operation_list\":[{\"type\":12,\"change_tiles\":[\"4z\",\"6z\",\"1z\"],\"change_tile_states\":[0,0,0]}],\"time_add\":20000,\"time_fixed\":5000},\"liqibang\":0,\"al\":false,\"md5\":\"9f578ff6b169b047fc9ea6be6c64fd37\",\"left_tile_count\":69,\"opens\":[{\"seat\":0},{\"seat\":1},{\"seat\":2},{\"seat\":3}]}"}
{"time":"2021-01-15T22:35:48.178675-07:00","level":"INFO","prefix":"echo","file":"server.go","line":"173","message":"{\"in_tiles\":[\"1s\",\"2s\",\"4z\"],\"in_tile_states\":[0,0,0],\"out_tiles\":[\"1z\",\"4z\",\"6z\"],\"out_tile_states\":[0,0,0],\"doras\":[\"1m\"],\"operation\":{\"seat\":1,\"operation_list\":[{\"type\":1}],\"time_add\":13000,\"time_fixed\":8000},\"change_type\":2}"}
{"time":"2021-01-15T22:35:53.790231-07:00","level":"INFO","prefix":"echo","file":"server.go","line":"173","message":"{\"seat\":1,\"tile\":\"4z\",\"is_liqi\":false,\"moqie\":false,\"zhenting\":false,\"is_wliqi\":false}"}
{"time":"2021-01-15T22:35:54.329114-07:00","level":"INFO","prefix":"echo","file":"server.go","line":"173","message":"{\"seat\":2,\"left_tile_count\":68,\"zhenting\":false}"}
{"time":"2021-01-15T22:35:55.713924-07:00","level":"INFO","prefix":"echo","file":"server.go","line":"173","message":"{\"seat\":2,\"tile\":\"8s\",\"is_liqi\":false,\"moqie\":false,\"zhenting\":false,\"is_wliqi\":false}"}
{"time":"2021-01-15T22:35:56.269624-07:00","level":"INFO","prefix":"echo","file":"server.go","line":"173","message":"{\"seat\":3,\"left_tile_count\":67,\"zhenting\":false}"}
{"time":"2021-01-15T22:35:58.091295-07:00","level":"INFO","prefix":"echo","file":"server.go","line":"173","message":"{\"seat\":3,\"tile\":\"3z\",\"is_liqi\":false,\"moqie\":true,\"zhenting\":false,\"is_wliqi\":false}"}
{"time":"2021-01-15T22:35:58.635585-07:00","level":"INFO","prefix":"echo","file":"server.go","line":"173","message":"{\"seat\":0,\"left_tile_count\":66,\"zhenting\":false}"}
{"time":"2021-01-15T22:35:59.761582-07:00","level":"INFO","prefix":"echo","file":"server.go","line":"173","message":"{\"seat\":0,\"tile\":\"1z\",\"is_liqi\":false,\"moqie\":false,\"zhenting\":false,\"is_wliqi\":false}"}
{"time":"2021-01-15T22:36:00.294228-07:00","level":"INFO","prefix":"echo","file":"server.go","line":"173","message":"{\"seat\":1,\"tile\":\"7s\",\"left_tile_count\":65,\"operation\":{\"seat\":1,\"operation_list\":[{\"type\":1}],\"time_add\":13000,\"time_fixed\":5000},\"zhenting\":false}"}
{"time":"2021-01-15T22:36:07.406795-07:00","level":"INFO","prefix":"echo","file":"server.go","line":"173","message":"{\"seat\":1,\"tile\":\"2s\",\"is_liqi\":false,\"moqie\":false,\"zhenting\":false,\"is_wliqi\":false}"}
{"time":"2021-01-15T22:36:07.969028-07:00","level":"INFO","prefix":"echo","file":"server.go","line":"173","message":"{\"seat\":2,\"left_tile_count\":64,\"zhenting\":false}"}
{"time":"2021-01-15T22:36:08.979701-07:00","level":"INFO","prefix":"echo","file":"server.go","line":"173","message":"{\"seat\":2,\"tile\":\"2z\",\"is_liqi\":false,\"moqie\":false,\"zhenting\":false,\"is_wliqi\":false}"}
{"time":"2021-01-15T22:36:09.533533-07:00","level":"INFO","prefix":"echo","file":"server.go","line":"173","message":"{\"seat\":3,\"left_tile_count\":63,\"zhenting\":false}"}
{"time":"2021-01-15T22:36:11.41634-07:00","level":"INFO","prefix":"echo","file":"server.go","line":"173","message":"{\"seat\":3,\"tile\":\"2p\",\"is_liqi\":false,\"moqie\":false,\"zhenting\":false,\"is_wliqi\":false}"}
{"time":"2021-01-15T22:36:11.961389-07:00","level":"INFO","prefix":"echo","file":"server.go","line":"173","message":"{\"seat\":0,\"left_tile_count\":62,\"zhenting\":false}"}
{"time":"2021-01-15T22:36:12.93039-07:00","level":"INFO","prefix":"echo","file":"server.go","line":"173","message":"{\"seat\":0,\"tile\":\"4z\",\"is_liqi\":false,\"moqie\":false,\"zhenting\":false,\"is_wliqi\":false}"}
{"time":"2021-01-15T22:36:13.478673-07:00","level":"INFO","prefix":"echo","file":"server.go","line":"173","message":"{\"seat\":1,\"tile\":\"4p\",\"left_tile_count\":61,\"operation\":{\"seat\":1,\"operation_list\":[{\"type\":1}],\"time_add\":12000,\"time_fixed\":5000},\"zhenting\":false}"}
{"time":"2021-01-15T22:36:24.50168-07:00","level":"INFO","prefix":"echo","file":"server.go","line":"173","message":"{\"seat\":1,\"tile\":\"4p\",\"is_liqi\":false,\"moqie\":true,\"zhenting\":false,\"is_wliqi\":false}"}
{"time":"2021-01-15T22:36:28.603195-07:00","level":"INFO","prefix":"echo","file":"server.go","line":"173","message":"{\"seat\":2,\"type\":0,\"tiles\":[\"3p\",\"5p\",\"4p\"],\"froms\":[2,2,1],\"zhenting\":false,\"tile_states\":[0,0]}"}
{"time":"2021-01-15T22:36:30.690852-07:00","level":"INFO","prefix":"echo","file":"server.go","line":"173","message":"{\"seat\":2,\"tile\":\"1z\",\"is_liqi\":false,\"moqie\":false,\"zhenting\":false,\"is_wliqi\":false}"}
{"time":"2021-01-15T22:36:31.231716-07:00","level":"INFO","prefix":"echo","file":"server.go","line":"173","message":"{\"seat\":3,\"left_tile_count\":60,\"zhenting\":false}"}
{"time":"2021-01-15T22:36:33.497541-07:00","level":"INFO","prefix":"echo","file":"server.go","line":"173","message":"{\"seat\":3,\"tile\":\"3p\",\"is_liqi\":false,\"moqie\":true,\"zhenting\":false,\"is_wliqi\":false}"}
{"time":"2021-01-15T22:36:34.054999-07:00","level":"INFO","prefix":"echo","file":"server.go","line":"173","message":"{\"seat\":0,\"left_tile_count\":59,\"zhenting\":false}"}
{"time":"2021-01-15T22:36:37.722522-07:00","level":"INFO","prefix":"echo","file":"server.go","line":"173","message":"{\"seat\":0,\"tile\":\"9s\",\"is_liqi\":false,\"operation\":{\"seat\":1,\"operation_list\":[{\"type\":2,\"combination\":[\"7s|8s\"]}],\"time_add\":7000,\"time_fixed\":5000},\"moqie\":true,\"zhenting\":false,\"is_wliqi\":false}"}
{"time":"2021-01-15T22:36:40.068166-07:00","level":"INFO","prefix":"echo","file":"server.go","line":"173","message":"{\"seat\":1,\"tile\":\"6p\",\"left_tile_count\":58,\"operation\":{\"seat\":1,\"operation_list\":[{\"type\":1}],\"time_add\":7000,\"time_fixed\":5000},\"zhenting\":false}"}
{"time":"2021-01-15T22:36:45.094368-07:00","level":"INFO","prefix":"echo","file":"server.go","line":"173","message":"{\"seat\":1,\"tile\":\"8s\",\"is_liqi\":false,\"moqie\":false,\"zhenting\":false,\"is_wliqi\":false}"}
{"time":"2021-01-15T22:36:45.640137-07:00","level":"INFO","prefix":"echo","file":"server.go","line":"173","message":"{\"seat\":2,\"left_tile_count\":57,\"zhenting\":false}"}
{"time":"2021-01-15T22:36:47.809419-07:00","level":"INFO","prefix":"echo","file":"server.go","line":"173","message":"{\"seat\":2,\"tile\":\"3z\",\"is_liqi\":false,\"moqie\":false,\"zhenting\":false,\"is_wliqi\":false}"}
{"time":"2021-01-15T22:36:48.378662-07:00","level":"INFO","prefix":"echo","file":"server.go","line":"173","message":"{\"seat\":3,\"left_tile_count\":56,\"zhenting\":false}"}
{"time":"2021-01-15T22:36:50.068519-07:00","level":"INFO","prefix":"echo","file":"server.go","line":"173","message":"{\"seat\":3,\"tile\":\"9s\",\"is_liqi\":false,\"moqie\":false,\"zhenting\":false,\"is_wliqi\":false}"}
{"time":"2021-01-15T22:36:50.613212-07:00","level":"INFO","prefix":"echo","file":"server.go","line":"173","message":"{\"seat\":0,\"left_tile_count\":55,\"zhenting\":false}"}
{"time":"2021-01-15T22:36:52.410905-07:00","level":"INFO","prefix":"echo","file":"server.go","line":"173","message":"{\"seat\":0,\"tile\":\"3s\",\"is_liqi\":false,\"operation\":{\"seat\":1,\"operation_list\":[{\"type\":2,\"combination\":[\"1s|2s\"]}],\"time_add\":7000,\"time_fixed\":5000},\"moqie\":false,\"zhenting\":false,\"is_wliqi\":false}"}
{"time":"2021-01-15T22:36:54.818368-07:00","level":"INFO","prefix":"echo","file":"server.go","line":"173","message":"{\"seat\":1,\"tile\":\"5s\",\"left_tile_count\":54,\"operation\":{\"seat\":1,\"operation_list\":[{\"type\":1}],\"time_add\":7000,\"time_fixed\":5000},\"zhenting\":false}"}
{"time":"2021-01-15T22:37:00.25215-07:00","level":"INFO","prefix":"echo","file":"server.go","line":"173","message":"{\"seat\":1,\"tile\":\"7s\",\"is_liqi\":false,\"moqie\":false,\"zhenting\":false,\"is_wliqi\":false}"}
{"time":"2021-01-15T22:37:00.82747-07:00","level":"INFO","prefix":"echo","file":"server.go","line":"173","message":"{\"seat\":2,\"left_tile_count\":53,\"zhenting\":false}"}
{"time":"2021-01-15T22:37:01.906823-07:00","level":"INFO","prefix":"echo","file":"server.go","line":"173","message":"{\"seat\":2,\"tile\":\"5z\",\"is_liqi\":false,\"moqie\":false,\"zhenting\":false,\"is_wliqi\":false}"}
{"time":"2021-01-15T22:37:02.45469-07:00","level":"INFO","prefix":"echo","file":"server.go","line":"173","message":"{\"seat\":3,\"left_tile_count\":52,\"zhenting\":false}"}
{"time":"2021-01-15T22:37:04.565478-07:00","level":"INFO","prefix":"echo","file":"server.go","line":"173","message":"{\"seat\":3,\"tile\":\"6z\",\"is_liqi\":false,\"moqie\":true,\"zhenting\":false,\"is_wliqi\":false}"}
{"time":"2021-01-15T22:37:06.122228-07:00","level":"INFO","prefix":"echo","file":"server.go","line":"173","message":"{\"seat\":0,\"type\":1,\"tiles\":[\"6z\",\"6z\",\"6z\"],\"froms\":[0,0,3],\"zhenting\":false,\"tile_states\":[0,0]}"}
{"time":"2021-01-15T22:37:07.286987-07:00","level":"INFO","prefix":"echo","file":"server.go","line":"173","message":"{\"seat\":0,\"tile\":\"5m\",\"is_liqi\":false,\"operation\":{\"seat\":1,\"operation_list\":[{\"type\":2,\"combination\":[\"6m|7m\"]}],\"time_add\":7000,\"time_fixed\":5000},\"moqie\":false,\"zhenting\":false,\"is_wliqi\":false}"}
{"time":"2021-01-15T22:37:11.293646-07:00","level":"INFO","prefix":"echo","file":"server.go","line":"173","message":"{\"seat\":1,\"tile\":\"3s\",\"left_tile_count\":51,\"operation\":{\"seat\":1,\"operation_list\":[{\"type\":1}],\"time_add\":7000,\"time_fixed\":5000},\"zhenting\":false}"}
{"time":"2021-01-15T22:37:14.869719-07:00","level":"INFO","prefix":"echo","file":"server.go","line":"173","message":"{\"seat\":1,\"tile\":\"3s\",\"is_liqi\":false,\"moqie\":true,\"zhenting\":false,\"is_wliqi\":false}"}
{"time":"2021-01-15T22:37:15.446229-07:00","level":"INFO","prefix":"echo","file":"server.go","line":"173","message":"{\"seat\":2,\"left_tile_count\":50,\"zhenting\":false}"}
{"time":"2021-01-15T22:37:16.332029-07:00","level":"INFO","prefix":"echo","file":"server.go","line":"173","message":"{\"seat\":2,\"tile\":\"7z\",\"is_liqi\":false,\"moqie\":false,\"zhenting\":false,\"is_wliqi\":false}"}
{"time":"2021-01-15T22:37:17.960235-07:00","level":"INFO","prefix":"echo","file":"server.go","line":"173","message":"{\"hules\":[{\"seat\":0,\"hand_count\":10,\"ming\":[\"kezi(6z,6z,6z)\"],\"hu_tile\":\"7z\",\"zimo\":false,\"yiman\":false,\"count\":2,\"fans\":[{\"val\":1,\"id\":9},{\"val\":1,\"id\":8}],\"fu\":30,\"title_id\":0}],\"old_scores\":[24000,33900,31000,11100],\"delta_scores\":[2000,0,-2000,0],\"scores\":[26000,33900,29000,11100],\"zhenting\":false}"}
{"time":"2021-01-15T22:37:24.28929-07:00","level":"INFO","prefix":"echo","file":"server.go","line":"173","message":"{\"seat\":1,\"tile\":\"4s\",\"left_tile_count\":49,\"operation\":{\"seat\":1,\"operation_list\":[{\"type\":1}],\"time_add\":7000,\"time_fixed\":5000},\"zhenting\":false}"}
{"time":"2021-01-15T22:37:27.975169-07:00","level":"INFO","prefix":"echo","file":"server.go","line":"173","message":"{\"seat\":1,\"tile\":\"7s\",\"is_liqi\":false,\"moqie\":false,\"zhenting\":false,\"is_wliqi\":false}"}
{"time":"2021-01-15T22:37:29.531958-07:00","level":"INFO","prefix":"echo","file":"server.go","line":"173","message":"{\"seat\":2,\"left_tile_count\":48,\"zhenting\":false}"}
{"time":"2021-01-15T22:37:31.540079-07:00","level":"INFO","prefix":"echo","file":"server.go","line":"173","message":"{\"seat\":2,\"tile\":\"2p\",\"is_liqi\":false,\"moqie\":true,\"zhenting\":false,\"is_wliqi\":false}"}
{"time":"2021-01-15T22:37:32.075388-07:00","level":"INFO","prefix":"echo","file":"server.go","line":"173","message":"{\"seat\":3,\"left_tile_count\":47,\"zhenting\":false}"}
{"time":"2021-01-15T22:37:34.123366-07:00","level":"INFO","prefix":"echo","file":"server.go","line":"173","message":"{\"seat\":3,\"tile\":\"7p\",\"is_liqi\":false,\"moqie\":false,\"zhenting\":false,\"is_wliqi\":false}"}
{"time":"2021-01-15T22:37:34.688727-07:00","level":"INFO","prefix":"echo","file":"server.go","line":"173","message":"{\"seat\":1,\"tile\":\"1m\",\"left_tile_count\":46,\"operation\":{\"seat\":1,\"operation_list\":[{\"type\":1}],\"time_add\":7000,\"time_fixed\":5000},\"zhenting\":false}"}
{"time":"2021-01-15T22:37:37.925248-07:00","level":"INFO","prefix":"echo","file":"server.go","line":"173","message":"{\"seat\":1,\"tile\":\"1s\",\"is_liqi\":false,\"moqie\":false,\"zhenting\":false,\"is_wliqi\":false}"}
{"time":"2021-01-15T22:37:40.212991-07:00","level":"INFO","prefix":"echo","file":"server.go","line":"173","message":"{\"seat\":2,\"left_tile_count\":45,\"zhenting\":false}"}
{"time":"2021-01-15T22:37:41.461889-07:00","level":"INFO","prefix":"echo","file":"server.go","line":"173","message":"{\"seat\":2,\"tile\":\"9s\",\"is_liqi\":false,\"moqie\":false,\"zhenting\":false,\"is_wliqi\":false}"}
{"time":"2021-01-15T22:37:42.022221-07:00","level":"INFO","prefix":"echo","file":"server.go","line":"173","message":"{\"seat\":3,\"left_tile_count\":44,\"zhenting\":false}"}
{"time":"2021-01-15T22:37:43.689472-07:00","level":"INFO","prefix":"echo","file":"server.go","line":"173","message":"{\"seat\":3,\"tile\":\"4p\",\"is_liqi\":false,\"moqie\":true,\"zhenting\":false,\"is_wliqi\":false}"}
{"time":"2021-01-15T22:37:44.232469-07:00","level":"INFO","prefix":"echo","file":"server.go","line":"173","message":"{\"seat\":1,\"tile\":\"4z\",\"left_tile_count\":43,\"operation\":{\"seat\":1,\"operation_list\":[{\"type\":1}],\"time_add\":7000,\"time_fixed\":5000},\"zhenting\":false}"}
{"time":"2021-01-15T22:37:47.661136-07:00","level":"INFO","prefix":"echo","file":"server.go","line":"173","message":"{\"seat\":1,\"tile\":\"4z\",\"is_liqi\":false,\"moqie\":true,\"zhenting\":false,\"is_wliqi\":false}"}
{"time":"2021-01-15T22:37:48.202081-07:00","level":"INFO","prefix":"echo","file":"server.go","line":"173","message":"{\"seat\":2,\"left_tile_count\":42,\"zhenting\":false}"}
{"time":"2021-01-15T22:37:49.80945-07:00","level":"INFO","prefix":"echo","file":"server.go","line":"173","message":"{\"seat\":2,\"tile\":\"6z\",\"is_liqi\":false,\"moqie\":true,\"zhenting\":false,\"is_wliqi\":false}"}
{"time":"2021-01-15T22:37:50.349744-07:00","level":"INFO","prefix":"echo","file":"server.go","line":"173","message":"{\"seat\":3,\"left_tile_count\":41,\"zhenting\":false}"}
{"time":"2021-01-15T22:37:51.785162-07:00","level":"INFO","prefix":"echo","file":"server.go","line":"173","message":"{\"seat\":3,\"tile\":\"5z\",\"is_liqi\":false,\"moqie\":true,\"zhenting\":false,\"is_wliqi\":false}"}
{"time":"2021-01-15T22:37:52.320894-07:00","level":"INFO","prefix":"echo","file":"server.go","line":"173","message":"{\"seat\":1,\"tile\":\"1p\",\"left_tile_count\":40,\"operation\":{\"seat\":1,\"operation_list\":[{\"type\":1}],\"time_add\":7000,\"time_fixed\":5000},\"zhenting\":false}"}
{"time":"2021-01-15T22:37:54.81167-07:00","level":"INFO","prefix":"echo","file":"server.go","line":"173","message":"{\"seat\":1,\"tile\":\"1p\",\"is_liqi\":false,\"moqie\":true,\"zhenting\":false,\"is_wliqi\":false}"}
{"time":"2021-01-15T22:37:55.370752-07:00","level":"INFO","prefix":"echo","file":"server.go","line":"173","message":"{\"seat\":2,\"left_tile_count\":39,\"zhenting\":false}"}
{"time":"2021-01-15T22:37:56.473419-07:00","level":"INFO","prefix":"echo","file":"server.go","line":"173","message":"{\"seat\":2,\"tile\":\"4z\",\"is_liqi\":false,\"moqie\":true,\"zhenting\":false,\"is_wliqi\":false}"}
{"time":"2021-01-15T22:37:57.040603-07:00","level":"INFO","prefix":"echo","file":"server.go","line":"173","message":"{\"seat\":3,\"left_tile_count\":38,\"zhenting\":false}"}
