{"time":"2021-01-14T21:09:46.333652-07:00","level":"INFO","prefix":"echo","file":"server.go","line":"503","message":"============================================================================================"}
{"time":"2021-01-14T21:09:46.333716-07:00","level":"INFO","prefix":"echo","file":"server.go","line":"504","message":"服务启动"}
{"time":"2021-01-14T21:10:12.163716-07:00","level":"INFO","prefix":"echo","file":"server.go","line":"133","message":"{\"tag\":\"HELO\",\"uname\":\"%6E%61%67%69%73%61%30%30\",\"PF4\":\"11,415,1639.96,-140.0,21,26,27,20,8,914,197,129,203,260\",\"ratingscale\":\"PF3=1.000000&PF4=1.000000&PF01C=0.582222&PF02C=0.501632&PF03C=0.414869&PF11C=0.823386&PF12C=0.709416&PF13C=0.586714&PF23C=0.378722&PF33C=0.535594&PF1C00=8.000000\",\"rr\":\"PF3=0,0&PF4=76614,0&PF01C=0,0&PF02C=0,0&PF03C=0,0&PF11C=0,0&PF12C=0,0&PF13C=0,0&PF23C=0,0&PF33C=0,0&PF1C00=0,0\"}"}
{"time":"2021-01-14T21:10:12.181241-07:00","level":"INFO","prefix":"echo","file":"server.go","line":"133","message":"{\"tag\":\"LN\",\"n\":\"2548,2504,522,306\",\"j\":\",1,,2,2,,,1,,,,,1,,,,,,,,1,,,1,,,,,,,,,,,,,2,,,,3,,,,,,,,,,,,2,,,,,,,,,,,,2,2,,1,,2,,1,,,,1\",\"g\":\"324,,,4,428,,,4,32,,,,,,,,,,,,332,,,8,124,,,,,,,,,,,,248,,,,60,,,,,,,,,,,,36,,,,4,,,,,,,,6,162,,69,,69,,6,36,12,6,12\"}"}
{"time":"2021-01-14T21:10:12.550705-07:00","level":"INFO","prefix":"echo","file":"server.go","line":"133","message":"{\"tag\":\"RANKING\",\"v2\":\"10,10,14,9,-60.0,,1744,9757,1832,7034,1671,1806,2063,991,76614\"}"}
{"time":"2021-01-14T21:10:21.489373-07:00","level":"INFO","prefix":"echo","file":"server.go","line":"133","message":"{\"tag\":\"GO\",\"type\":\"137\",\"lobby\":\"0\",\"gpid\":\"9FB7143E-BB15B110\"}"}
{"time":"2021-01-14T21:10:21.489435-07:00","level":"INFO","prefix":"echo","file":"server.go","line":"133","message":"{\"tag\":\"UN\",\"n0\":\"%6E%61%67%69%73%61%30%30\",\"n1\":\"%E3%82%84%E3%81%BE%E3%81%90%E3%81%A1%E3%81%8B%E3%81%9A%E3%81%8D\",\"n2\":\"%45%72%69%4C%6F%6B%69\",\"n3\":\"%63%6C%6F%6E%65\",\"dan\":\"11,13,13,13\",\"rate\":\"1639.96,1739.86,1718.19,1801.25\",\"sx\":\"M,M,M,F\"}"}
{"time":"2021-01-14T21:10:21.489945-07:00","level":"INFO","prefix":"echo","file":"server.go","line":"133","message":"{\"tag\":\"TAIKYOKU\",\"oya\":\"0\",\"log\":\"2021011513gm-0089-0000-41983469\"}"}
{"time":"2021-01-14T21:10:27.437513-07:00","level":"INFO","prefix":"echo","file":"server.go","line":"133","message":"{\"tag\":\"INIT\",\"seed\":\"0,0,0,1,1,111\",\"ten\":\"250,250,250,250\",\"oya\":\"0\",\"hai\":\"9,7,121,41,51,19,6,49,18,113,126,5,119\"}"}
{"time":"2021-01-14T21:10:27.514918-07:00","level":"INFO","prefix":"echo","file":"server.go","line":"133","message":"{\"tag\":\"T36\"}"}
{"time":"2021-01-14T21:10:37.414487-07:00","level":"INFO","prefix":"echo","file":"server.go","line":"133","message":"{\"tag\":\"D121\"}"}
{"time":"2021-01-14T21:10:39.440445-07:00","level":"INFO","prefix":"echo","file":"server.go","line":"133","message":"{\"tag\":\"U\"}"}
{"time":"2021-01-14T21:10:42.333675-07:00","level":"INFO","prefix":"echo","file":"server.go","line":"133","message":"{\"tag\":\"E73\"}"}
{"time":"2021-01-14T21:10:42.3376-07:00","level":"INFO","prefix":"echo","file":"server.go","line":"133","message":"{\"tag\":\"V\"}"}
{"time":"2021-01-14T21:10:45.368215-07:00","level":"INFO","prefix":"echo","file":"server.go","line":"133","message":"{\"tag\":\"F69\"}"}
{"time":"2021-01-14T21:10:45.373175-07:00","level":"INFO","prefix":"echo","file":"server.go","line":"133","message":"{\"tag\":\"W\"}"}
{"time":"2021-01-14T21:10:47.125539-07:00","level":"INFO","prefix":"echo","file":"server.go","line":"133","message":"{\"tag\":\"G133\"}"}
{"time":"2021-01-14T21:10:47.206952-07:00","level":"INFO","prefix":"echo","file":"server.go","line":"133","message":"{\"tag\":\"T100\"}"}
{"time":"2021-01-14T21:10:50.365921-07:00","level":"INFO","prefix":"echo","file":"server.go","line":"133","message":"{\"tag\":\"D119\"}"}
{"time":"2021-01-14T21:10:50.366034-07:00","level":"INFO","prefix":"echo","file":"server.go","line":"133","message":"{\"tag\":\"U\"}"}
{"time":"2021-01-14T21:10:52.836867-07:00","level":"INFO","prefix":"echo","file":"server.go","line":"133","message":"{\"tag\":\"E117\"}"}
{"time":"2021-01-14T21:10:52.841913-07:00","level":"INFO","prefix":"echo","file":"server.go","line":"133","message":"{\"tag\":\"V\"}"}
{"time":"2021-01-14T21:10:54.867728-07:00","level":"INFO","prefix":"echo","file":"server.go","line":"133","message":"{\"tag\":\"f1\"}"}
{"time":"2021-01-14T21:10:54.872884-07:00","level":"INFO","prefix":"echo","file":"server.go","line":"133","message":"{\"tag\":\"W\"}"}
{"time":"2021-01-14T21:10:56.421128-07:00","level":"INFO","prefix":"echo","file":"server.go","line":"133","message":"{\"tag\":\"G128\"}"}
{"time":"2021-01-14T21:10:58.622-07:00","level":"INFO","prefix":"echo","file":"server.go","line":"133","message":"{\"tag\":\"N\",\"who\":\"2\",\"m\":\"49225\"}"}
{"time":"2021-01-14T21:11:00.23852-07:00","level":"INFO","prefix":"echo","file":"server.go","line":"133","message":"{\"tag\":\"F32\"}"}
{"time":"2021-01-14T21:11:00.242855-07:00","level":"INFO","prefix":"echo","file":"server.go","line":"133","message":"{\"tag\":\"W\"}"}
{"time":"2021-01-14T21:11:06.995545-07:00","level":"INFO","prefix":"echo","file":"server.go","line":"133","message":"{\"tag\":\"G11\"}"}
{"time":"2021-01-14T21:11:07.07323-07:00","level":"INFO","prefix":"echo","file":"server.go","line":"133","message":"{\"tag\":\"T33\"}"}
{"time":"2021-01-14T21:11:10.109807-07:00","level":"INFO","prefix":"echo","file":"server.go","line":"133","message":"{\"tag\":\"D113\"}"}
{"time":"2021-01-14T21:11:10.109916-07:00","level":"INFO","prefix":"echo","file":"server.go","line":"133","message":"{\"tag\":\"U\"}"}
{"time":"2021-01-14T21:11:12.308207-07:00","level":"INFO","prefix":"echo","file":"server.go","line":"133","message":"{\"tag\":\"e75\"}"}
{"time":"2021-01-14T21:11:12.312887-07:00","level":"INFO","prefix":"echo","file":"server.go","line":"133","message":"{\"tag\":\"V\"}"}
{"time":"2021-01-14T21:11:13.814211-07:00","level":"INFO","prefix":"echo","file":"server.go","line":"133","message":"{\"tag\":\"F27\"}"}
{"time":"2021-01-14T21:11:14.843045-07:00","level":"INFO","prefix":"echo","file":"server.go","line":"133","message":"{\"tag\":\"W\"}"}
{"time":"2021-01-14T21:11:18.620178-07:00","level":"INFO","prefix":"echo","file":"server.go","line":"133","message":"{\"tag\":\"G72\"}"}
{"time":"2021-01-14T21:11:18.701724-07:00","level":"INFO","prefix":"echo","file":"server.go","line":"133","message":"{\"tag\":\"T65\"}"}
{"time":"2021-01-14T21:11:30.244353-07:00","level":"INFO","prefix":"echo","file":"server.go","line":"133","message":"{\"tag\":\"D126\"}"}
{"time":"2021-01-14T21:11:30.244462-07:00","level":"INFO","prefix":"echo","file":"server.go","line":"133","message":"{\"tag\":\"U\"}"}
{"time":"2021-01-14T21:11:32.844848-07:00","level":"INFO","prefix":"echo","file":"server.go","line":"133","message":"{\"tag\":\"e80\"}"}
{"time":"2021-01-14T21:11:32.84799-07:00","level":"INFO","prefix":"echo","file":"server.go","line":"133","message":"{\"tag\":\"V\"}"}
{"time":"2021-01-14T21:11:37.26209-07:00","level":"INFO","prefix":"echo","file":"server.go","line":"133","message":"{\"tag\":\"F125\"}"}
{"time":"2021-01-14T21:11:37.266574-07:00","level":"INFO","prefix":"echo","file":"server.go","line":"133","message":"{\"tag\":\"W\"}"}
{"time":"2021-01-14T21:11:39.467279-07:00","level":"INFO","prefix":"echo","file":"server.go","line":"133","message":"{\"tag\":\"g105\"}"}
{"time":"2021-01-14T21:11:39.546785-07:00","level":"INFO","prefix":"echo","file":"server.go","line":"133","message":"{\"tag\":\"T104\"}"}
{"time":"2021-01-14T21:11:48.252163-07:00","level":"INFO","prefix":"echo","file":"server.go","line":"133","message":"{\"tag\":\"D33\"}"}
{"time":"2021-01-14T21:11:48.252244-07:00","level":"INFO","prefix":"echo","file":"server.go","line":"133","message":"{\"tag\":\"U\"}"}
{"time":"2021-01-14T21:11:53.492989-07:00","level":"INFO","prefix":"echo","file":"server.go","line":"133","message":"{\"tag\":\"e118\"}"}
{"time":"2021-01-14T21:11:53.497133-07:00","level":"INFO","prefix":"echo","file":"server.go","line":"133","message":"{\"tag\":\"V\"}"}
{"time":"2021-01-14T21:11:55.485738-07:00","level":"INFO","prefix":"echo","file":"server.go","line":"133","message":"{\"tag\":\"F135\"}"}
{"time":"2021-01-14T21:11:55.490738-07:00","level":"INFO","prefix":"echo","file":"server.go","line":"133","message":"{\"tag\":\"W\"}"}
{"time":"2021-01-14T21:12:00.805125-07:00","level":"INFO","prefix":"echo","file":"server.go","line":"133","message":"{\"tag\":\"G34\"}"}
{"time":"2021-01-14T21:12:00.884218-07:00","level":"INFO","prefix":"echo","file":"server.go","line":"133","message":"{\"tag\":\"T25\"}"}
{"time":"2021-01-14T21:12:06.765641-07:00","level":"INFO","prefix":"echo","file":"server.go","line":"133","message":"{\"tag\":\"D65\"}"}
{"time":"2021-01-14T21:12:06.765735-07:00","level":"INFO","prefix":"echo","file":"server.go","line":"133","message":"{\"tag\":\"U\"}"}
{"time":"2021-01-14T21:12:15.579738-07:00","level":"INFO","prefix":"echo","file":"server.go","line":"133","message":"{\"tag\":\"E114\"}"}
{"time":"2021-01-14T21:12:15.584162-07:00","level":"INFO","prefix":"echo","file":"server.go","line":"133","message":"{\"tag\":\"V\"}"}
{"time":"2021-01-14T21:12:18.423439-07:00","level":"INFO","prefix":"echo","file":"server.go","line":"133","message":"{\"tag\":\"F24\"}"}
{"time":"2021-01-14T21:12:18.428733-07:00","level":"INFO","prefix":"echo","file":"server.go","line":"133","message":"{\"tag\":\"W\"}"}
{"time":"2021-01-14T21:12:20.308428-07:00","level":"INFO","prefix":"echo","file":"server.go","line":"133","message":"{\"tag\":\"g106\"}"}
{"time":"2021-01-14T21:12:20.390105-07:00","level":"INFO","prefix":"echo","file":"server.go","line":"133","message":"{\"tag\":\"T8\"}"}
{"time":"2021-01-14T21:12:27.872699-07:00","level":"INFO","prefix":"echo","file":"server.go","line":"133","message":"{\"tag\":\"D104\"}"}
{"time":"2021-01-14T21:12:31.088572-07:00","level":"INFO","prefix":"echo","file":"server.go","line":"133","message":"{\"tag\":\"U\"}"}
{"time":"2021-01-14T21:12:33.247762-07:00","level":"INFO","prefix":"echo","file":"server.go","line":"133","message":"{\"tag\":\"e4\",\"t\":\"3\"}"}
{"time":"2021-01-14T21:12:40.432111-07:00","level":"INFO","prefix":"echo","file":"server.go","line":"133","message":"{\"tag\":\"V\"}"}
{"time":"2021-01-14T21:12:43.330621-07:00","level":"INFO","prefix":"echo","file":"server.go","line":"133","message":"{\"tag\":\"F63\"}"}
{"time":"2021-01-14T21:12:44.432398-07:00","level":"INFO","prefix":"echo","file":"server.go","line":"133","message":"{\"tag\":\"W\"}"}
{"time":"2021-01-14T21:12:45.636513-07:00","level":"INFO","prefix":"echo","file":"server.go","line":"133","message":"{\"tag\":\"g134\"}"}
{"time":"2021-01-14T21:12:45.718612-07:00","level":"INFO","prefix":"echo","file":"server.go","line":"133","message":"{\"tag\":\"T10\"}"}
{"time":"2021-01-14T21:12:49.083859-07:00","level":"INFO","prefix":"echo","file":"server.go","line":"133","message":"{\"tag\":\"D100\"}"}
{"time":"2021-01-14T21:12:51.713008-07:00","level":"INFO","prefix":"echo","file":"server.go","line":"133","message":"{\"tag\":\"U\"}"}
{"time":"2021-01-14T21:13:01.638796-07:00","level":"INFO","prefix":"echo","file":"server.go","line":"133","message":"{\"tag\":\"E107\"}"}
{"time":"2021-01-14T21:13:01.643697-07:00","level":"INFO","prefix":"echo","file":"server.go","line":"133","message":"{\"tag\":\"V\"}"}
{"time":"2021-01-14T21:13:03.138738-07:00","level":"INFO","prefix":"echo","file":"server.go","line":"133","message":"{\"tag\":\"f62\"}"}
{"time":"2021-01-14T21:13:04.906956-07:00","level":"INFO","prefix":"echo","file":"server.go","line":"133","message":"{\"tag\":\"W\"}"}
{"time":"2021-01-14T21:13:11.392375-07:00","level":"INFO","prefix":"echo","file":"server.go","line":"133","message":"{\"tag\":\"G45\",\"t\":\"4\"}"}
{"time":"2021-01-14T21:13:13.337724-07:00","level":"INFO","prefix":"echo","file":"server.go","line":"133","message":"{\"tag\":\"N\",\"who\":\"2\",\"m\":\"17481\"}"}
{"time":"2021-01-14T21:13:14.320874-07:00","level":"INFO","prefix":"echo","file":"server.go","line":"133","message":"{\"tag\":\"F42\"}"}
{"time":"2021-01-14T21:13:16.719269-07:00","level":"INFO","prefix":"echo","file":"server.go","line":"133","message":"{\"tag\":\"W\"}"}
{"time":"2021-01-14T21:13:18.23173-07:00","level":"INFO","prefix":"echo","file":"server.go","line":"133","message":"{\"tag\":\"g68\"}"}
{"time":"2021-01-14T21:13:18.309123-07:00","level":"INFO","prefix":"echo","file":"server.go","line":"133","message":"{\"tag\":\"T84\"}"}
{"time":"2021-01-14T21:13:25.039236-07:00","level":"INFO","prefix":"echo","file":"server.go","line":"133","message":"{\"tag\":\"D84\"}"}
{"time":"2021-01-14T21:13:25.039341-07:00","level":"INFO","prefix":"echo","file":"server.go","line":"133","message":"{\"tag\":\"U\"}"}
{"time":"2021-01-14T21:13:33.649305-07:00","level":"INFO","prefix":"echo","file":"server.go","line":"133","message":"{\"tag\":\"E38\"}"}
{"time":"2021-01-14T21:13:33.655011-07:00","level":"INFO","prefix":"echo","file":"server.go","line":"133","message":"{\"tag\":\"V\"}"}
{"time":"2021-01-14T21:13:36.090463-07:00","level":"INFO","prefix":"echo","file":"server.go","line":"133","message":"{\"tag\":\"F17\",\"t\":\"1\"}"}
{"time":"2021-01-14T21:13:39.434539-07:00","level":"INFO","prefix":"echo","file":"server.go","line":"133","message":"{\"tag\":\"W\"}"}
{"time":"2021-01-14T21:13:42.84879-07:00","level":"INFO","prefix":"echo","file":"server.go","line":"133","message":"{\"tag\":\"g13\",\"t\":\"4\"}"}
{"time":"2021-01-14T21:13:44.540628-07:00","level":"INFO","prefix":"echo","file":"server.go","line":"133","message":"{\"tag\":\"N\",\"who\":\"2\",\"m\":\"4617\"}"}
{"time":"2021-01-14T21:13:46.250309-07:00","level":"INFO","prefix":"echo","file":"server.go","line":"133","message":"{\"tag\":\"F115\"}"}
{"time":"2021-01-14T21:13:46.256184-07:00","level":"INFO","prefix":"echo","file":"server.go","line":"133","message":"{\"tag\":\"W\"}"}
{"time":"2021-01-14T21:13:58.472647-07:00","level":"INFO","prefix":"echo","file":"server.go","line":"133","message":"{\"tag\":\"g50\",\"t\":\"1\"}"}
{"time":"2021-01-14T21:14:01.169216-07:00","level":"INFO","prefix":"echo","file":"server.go","line":"133","message":"{\"tag\":\"T112\"}"}
{"time":"2021-01-14T21:14:04.05024-07:00","level":"INFO","prefix":"echo","file":"server.go","line":"133","message":"{\"tag\":\"D112\"}"}
{"time":"2021-01-14T21:14:04.050345-07:00","level":"INFO","prefix":"echo","file":"server.go","line":"133","message":"{\"tag\":\"U\"}"}
{"time":"2021-01-14T21:14:10.623472-07:00","level":"INFO","prefix":"echo","file":"server.go","line":"133","message":"{\"tag\":\"E12\"}"}
{"time":"2021-01-14T21:14:10.628292-07:00","level":"INFO","prefix":"echo","file":"server.go","line":"133","message":"{\"tag\":\"V\"}"}
{"time":"2021-01-14T21:14:12.68775-07:00","level":"INFO","prefix":"echo","file":"server.go","line":"133","message":"{\"tag\":\"f81\"}"}
{"time":"2021-01-14T21:14:12.692424-07:00","level":"INFO","prefix":"echo","file":"server.go","line":"133","message":"{\"tag\":\"W\"}"}
{"time":"2021-01-14T21:14:14.864624-07:00","level":"INFO","prefix":"echo","file":"server.go","line":"133","message":"{\"tag\":\"G82\"}"}
{"time":"2021-01-14T21:14:14.943805-07:00","level":"INFO","prefix":"echo","file":"server.go","line":"133","message":"{\"tag\":\"T70\"}"}
{"time":"2021-01-14T21:14:17.79803-07:00","level":"INFO","prefix":"echo","file":"server.go","line":"133","message":"{\"tag\":\"D70\"}"}
{"time":"2021-01-14T21:14:17.79819-07:00","level":"INFO","prefix":"echo","file":"server.go","line":"133","message":"{\"tag\":\"U\"}"}
{"time":"2021-01-14T21:14:21.558339-07:00","level":"INFO","prefix":"echo","file":"server.go","line":"133","message":"{\"tag\":\"REACH\",\"who\":\"1\",\"step\":\"1\"}"}
{"time":"2021-01-14T21:14:23.647079-07:00","level":"INFO","prefix":"echo","file":"server.go","line":"133","message":"{\"tag\":\"E29\"}"}
{"time":"2021-01-14T21:14:25.777857-07:00","level":"INFO","prefix":"echo","file":"server.go","line":"133","message":"{\"tag\":\"REACH\",\"who\":\"1\",\"ten\":\"250,240,250,250\",\"step\":\"2\"}"}
{"time":"2021-01-14T21:14:25.780689-07:00","level":"INFO","prefix":"echo","file":"server.go","line":"133","message":"{\"tag\":\"V\"}"}
{"time":"2021-01-14T21:14:27.801525-07:00","level":"INFO","prefix":"echo","file":"server.go","line":"133","message":"{\"tag\":\"F122\"}"}
{"time":"2021-01-14T21:14:27.807473-07:00","level":"INFO","prefix":"echo","file":"server.go","line":"133","message":"{\"tag\":\"W\"}"}
{"time":"2021-01-14T21:14:34.78869-07:00","level":"INFO","prefix":"echo","file":"server.go","line":"133","message":"{\"tag\":\"G28\"}"}
{"time":"2021-01-14T21:14:34.870122-07:00","level":"INFO","prefix":"echo","file":"server.go","line":"133","message":"{\"tag\":\"T94\"}"}
{"time":"2021-01-14T21:14:36.752577-07:00","level":"INFO","prefix":"echo","file":"server.go","line":"133","message":"{\"tag\":\"D36\"}"}
{"time":"2021-01-14T21:14:36.752694-07:00","level":"INFO","prefix":"echo","file":"server.go","line":"133","message":"{\"tag\":\"U\"}"}
{"time":"2021-01-14T21:14:37.472457-07:00","level":"INFO","prefix":"echo","file":"server.go","line":"133","message":"{\"tag\":\"e66\"}"}
{"time":"2021-01-14T21:14:37.476406-07:00","level":"INFO","prefix":"echo","file":"server.go","line":"133","message":"{\"tag\":\"V\"}"}
{"time":"2021-01-14T21:14:40.401862-07:00","level":"INFO","prefix":"echo","file":"server.go","line":"133","message":"{\"tag\":\"F120\"}"}
{"time":"2021-01-14T21:14:40.407026-07:00","level":"INFO","prefix":"echo","file":"server.go","line":"133","message":"{\"tag\":\"W\"}"}
{"time":"2021-01-14T21:14:42.971189-07:00","level":"INFO","prefix":"echo","file":"server.go","line":"133","message":"{\"tag\":\"G30\"}"}
{"time":"2021-01-14T21:14:43.054128-07:00","level":"INFO","prefix":"echo","file":"server.go","line":"133","message":"{\"tag\":\"T31\"}"}
{"time":"2021-01-14T21:14:49.805508-07:00","level":"INFO","prefix":"echo","file":"server.go","line":"133","message":"{\"tag\":\"D31\"}"}
{"time":"2021-01-14T21:14:49.80561-07:00","level":"INFO","prefix":"echo","file":"server.go","line":"133","message":"{\"tag\":\"U\"}"}
{"time":"2021-01-14T21:14:50.50042-07:00","level":"INFO","prefix":"echo","file":"server.go","line":"133","message":"{\"tag\":\"e79\"}"}
{"time":"2021-01-14T21:14:50.503897-07:00","level":"INFO","prefix":"echo","file":"server.go","line":"133","message":"{\"tag\":\"V\"}"}
{"time":"2021-01-14T21:14:52.769065-07:00","level":"INFO","prefix":"echo","file":"server.go","line":"133","message":"{\"tag\":\"F67\"}"}
{"time":"2021-01-14T21:14:55.186371-07:00","level":"INFO","prefix":"echo","file":"server.go","line":"133","message":"{\"tag\":\"W\"}"}
{"time":"2021-01-14T21:15:00.943258-07:00","level":"INFO","prefix":"echo","file":"server.go","line":"133","message":"{\"tag\":\"G64\"}"}
{"time":"2021-01-14T21:15:01.026094-07:00","level":"INFO","prefix":"echo","file":"server.go","line":"133","message":"{\"tag\":\"T52\"}"}
{"time":"2021-01-14T21:15:03.373981-07:00","level":"INFO","prefix":"echo","file":"server.go","line":"133","message":"{\"tag\":\"D6\"}"}
{"time":"2021-01-14T21:15:03.374094-07:00","level":"INFO","prefix":"echo","file":"server.go","line":"133","message":"{\"tag\":\"U\"}"}
{"time":"2021-01-14T21:15:04.107875-07:00","level":"INFO","prefix":"echo","file":"server.go","line":"133","message":"{\"tag\":\"e74\"}"}
{"time":"2021-01-14T21:15:04.111207-07:00","level":"INFO","prefix":"echo","file":"server.go","line":"133","message":"{\"tag\":\"V\"}"}
{"time":"2021-01-14T21:15:06.088525-07:00","level":"INFO","prefix":"echo","file":"server.go","line":"133","message":"{\"tag\":\"F39\"}"}
{"time":"2021-01-14T21:15:06.094103-07:00","level":"INFO","prefix":"echo","file":"server.go","line":"133","message":"{\"tag\":\"W\"}"}
{"time":"2021-01-14T21:15:13.825737-07:00","level":"INFO","prefix":"echo","file":"server.go","line":"133","message":"{\"tag\":\"G85\"}"}
{"time":"2021-01-14T21:15:13.903615-07:00","level":"INFO","prefix":"echo","file":"server.go","line":"133","message":"{\"tag\":\"T22\"}"}
{"time":"2021-01-14T21:15:16.661414-07:00","level":"INFO","prefix":"echo","file":"server.go","line":"133","message":"{\"tag\":\"D7\"}"}
{"time":"2021-01-14T21:15:16.661692-07:00","level":"INFO","prefix":"echo","file":"server.go","line":"133","message":"{\"tag\":\"U\"}"}
{"time":"2021-01-14T21:15:17.368789-07:00","level":"INFO","prefix":"echo","file":"server.go","line":"133","message":"{\"tag\":\"e83\"}"}
{"time":"2021-01-14T21:15:17.373018-07:00","level":"INFO","prefix":"echo","file":"server.go","line":"133","message":"{\"tag\":\"V\"}"}
{"time":"2021-01-14T21:15:20.202932-07:00","level":"INFO","prefix":"echo","file":"server.go","line":"133","message":"{\"tag\":\"f77\"}"}
{"time":"2021-01-14T21:15:20.20697-07:00","level":"INFO","prefix":"echo","file":"server.go","line":"133","message":"{\"tag\":\"W\"}"}
{"time":"2021-01-14T21:15:23.409131-07:00","level":"INFO","prefix":"echo","file":"server.go","line":"133","message":"{\"tag\":\"g123\"}"}
{"time":"2021-01-14T21:15:23.488277-07:00","level":"INFO","prefix":"echo","file":"server.go","line":"133","message":"{\"tag\":\"T57\"}"}
{"time":"2021-01-14T21:15:27.86402-07:00","level":"INFO","prefix":"echo","file":"server.go","line":"133","message":"{\"tag\":\"D5\"}"}
{"time":"2021-01-14T21:15:27.864123-07:00","level":"INFO","prefix":"echo","file":"server.go","line":"133","message":"{\"tag\":\"U\"}"}
{"time":"2021-01-14T21:15:28.590451-07:00","level":"INFO","prefix":"echo","file":"server.go","line":"133","message":"{\"tag\":\"e40\"}"}
{"time":"2021-01-14T21:15:28.594807-07:00","level":"INFO","prefix":"echo","file":"server.go","line":"133","message":"{\"tag\":\"V\"}"}
{"time":"2021-01-14T21:15:30.696207-07:00","level":"INFO","prefix":"echo","file":"server.go","line":"133","message":"{\"tag\":\"F132\"}"}
{"time":"2021-01-14T21:15:30.700353-07:00","level":"INFO","prefix":"echo","file":"server.go","line":"133","message":"{\"tag\":\"W\"}"}
{"time":"2021-01-14T21:15:33.364912-07:00","level":"INFO","prefix":"echo","file":"server.go","line":"133","message":"{\"tag\":\"g37\"}"}
{"time":"2021-01-14T21:15:33.445901-07:00","level":"INFO","prefix":"echo","file":"server.go","line":"133","message":"{\"tag\":\"T130\"}"}
{"time":"2021-01-14T21:15:35.679572-07:00","level":"INFO","prefix":"echo","file":"server.go","line":"133","message":"{\"tag\":\"D8\"}"}
{"time":"2021-01-14T21:15:35.679713-07:00","level":"INFO","prefix":"echo","file":"server.go","line":"133","message":"{\"tag\":\"U\"}"}
{"time":"2021-01-14T21:15:36.383792-07:00","level":"INFO","prefix":"echo","file":"server.go","line":"133","message":"{\"tag\":\"V\"}"}
{"time":"2021-01-14T21:15:36.38389-07:00","level":"INFO","prefix":"echo","file":"server.go","line":"133","message":"{\"tag\":\"e127\"}"}
{"time":"2021-01-14T21:15:38.551506-07:00","level":"INFO","prefix":"echo","file":"server.go","line":"133","message":"{\"tag\":\"F124\"}"}
{"time":"2021-01-14T21:15:38.556748-07:00","level":"INFO","prefix":"echo","file":"server.go","line":"133","message":"{\"tag\":\"RYUUKYOKU\",\"ba\":\"0,1\",\"sc\":\"250,-15,240,15,250,-15,250,15\",\"hai1\":\"16,23,26,53,56,61,96,97,101,102,103,109,110\",\"hai3\":\"46,48,54,55,58,59,60,89,90,92,95,98,99\"}"}
{"time":"2021-01-14T21:15:46.08404-07:00","level":"INFO","prefix":"echo","file":"server.go","line":"133","message":"{\"tag\":\"INIT\",\"seed\":\"1,1,1,5,5,65\",\"ten\":\"235,255,235,265\",\"oya\":\"1\",\"hai\":\"112,26,80,67,47,52,24,33,43,98,32,70,56\"}"}
{"time":"2021-01-14T21:15:46.09909-07:00","level":"INFO","prefix":"echo","file":"server.go","line":"133","message":"{\"tag\":\"U\"}"}
{"time":"2021-01-14T21:15:56.998656-07:00","level":"INFO","prefix":"echo","file":"server.go","line":"133","message":"{\"tag\":\"E134\"}"}
{"time":"2021-01-14T21:15:57.00518-07:00","level":"INFO","prefix":"echo","file":"server.go","line":"133","message":"{\"tag\":\"V\"}"}
{"time":"2021-01-14T21:15:59.14358-07:00","level":"INFO","prefix":"echo","file":"server.go","line":"133","message":"{\"tag\":\"F39\"}"}
{"time":"2021-01-14T21:15:59.147549-07:00","level":"INFO","prefix":"echo","file":"server.go","line":"133","message":"{\"tag\":\"W\"}"}
{"time":"2021-01-14T21:16:00.558623-07:00","level":"INFO","prefix":"echo","file":"server.go","line":"133","message":"{\"tag\":\"G120\"}"}
{"time":"2021-01-14T21:16:00.636538-07:00","level":"INFO","prefix":"echo","file":"server.go","line":"133","message":"{\"tag\":\"T46\"}"}
{"time":"2021-01-14T21:16:06.038539-07:00","level":"INFO","prefix":"echo","file":"server.go","line":"133","message":"{\"tag\":\"D112\"}"}
{"time":"2021-01-14T21:16:06.039059-07:00","level":"INFO","prefix":"echo","file":"server.go","line":"133","message":"{\"tag\":\"U\"}"}
{"time":"2021-01-14T21:16:14.286446-07:00","level":"INFO","prefix":"echo","file":"server.go","line":"133","message":"{\"tag\":\"E131\"}"}
{"time":"2021-01-14T21:16:14.290833-07:00","level":"INFO","prefix":"echo","file":"server.go","line":"133","message":"{\"tag\":\"V\"}"}
{"time":"2021-01-14T21:16:16.64694-07:00","level":"INFO","prefix":"echo","file":"server.go","line":"133","message":"{\"tag\":\"F40\"}"}
{"time":"2021-01-14T21:16:16.652146-07:00","level":"INFO","prefix":"echo","file":"server.go","line":"133","message":"{\"tag\":\"W\"}"}
{"time":"2021-01-14T21:16:18.256043-07:00","level":"INFO","prefix":"echo","file":"server.go","line":"133","message":"{\"tag\":\"G126\"}"}
{"time":"2021-01-14T21:16:18.337825-07:00","level":"INFO","prefix":"echo","file":"server.go","line":"133","message":"{\"tag\":\"T54\"}"}
{"time":"2021-01-14T21:16:26.014662-07:00","level":"INFO","prefix":"echo","file":"server.go","line":"133","message":"{\"tag\":\"D80\"}"}
{"time":"2021-01-14T21:16:27.014668-07:00","level":"INFO","prefix":"echo","file":"server.go","line":"133","message":"{\"tag\":\"U\"}"}
{"time":"2021-01-14T21:16:34.166138-07:00","level":"INFO","prefix":"echo","file":"server.go","line":"133","message":"{\"tag\":\"E127\"}"}
{"time":"2021-01-14T21:16:34.170192-07:00","level":"INFO","prefix":"echo","file":"server.go","line":"133","message":"{\"tag\":\"V\"}"}
{"time":"2021-01-14T21:16:36.082782-07:00","level":"INFO","prefix":"echo","file":"server.go","line":"133","message":"{\"tag\":\"f125\"}"}
{"time":"2021-01-14T21:16:36.087063-07:00","level":"INFO","prefix":"echo","file":"server.go","line":"133","message":"{\"tag\":\"W\"}"}
{"time":"2021-01-14T21:16:37.898207-07:00","level":"INFO","prefix":"echo","file":"server.go","line":"133","message":"{\"tag\":\"g122\"}"}
{"time":"2021-01-14T21:16:37.983157-07:00","level":"INFO","prefix":"echo","file":"server.go","line":"133","message":"{\"tag\":\"T59\"}"}
{"time":"2021-01-14T21:16:45.336968-07:00","level":"INFO","prefix":"echo","file":"server.go","line":"133","message":"{\"tag\":\"D43\"}"}
{"time":"2021-01-14T21:16:45.337052-07:00","level":"INFO","prefix":"echo","file":"server.go","line":"133","message":"{\"tag\":\"U\"}"}
{"time":"2021-01-14T21:16:49.205746-07:00","level":"INFO","prefix":"echo","file":"server.go","line":"133","message":"{\"tag\":\"E109\"}"}
{"time":"2021-01-14T21:16:49.21009-07:00","level":"INFO","prefix":"echo","file":"server.go","line":"133","message":"{\"tag\":\"V\"}"}
{"time":"2021-01-14T21:16:50.622757-07:00","level":"INFO","prefix":"echo","file":"server.go","line":"133","message":"{\"tag\":\"F79\"}"}
{"time":"2021-01-14T21:16:50.627625-07:00","level":"INFO","prefix":"echo","file":"server.go","line":"133","message":"{\"tag\":\"W\"}"}
{"time":"2021-01-14T21:16:53.52021-07:00","level":"INFO","prefix":"echo","file":"server.go","line":"133","message":"{\"tag\":\"G110\"}"}
{"time":"2021-01-14T21:16:53.598953-07:00","level":"INFO","prefix":"echo","file":"server.go","line":"133","message":"{\"tag\":\"T118\"}"}
{"time":"2021-01-14T21:16:57.062952-07:00","level":"INFO","prefix":"echo","file":"server.go","line":"133","message":"{\"tag\":\"U\"}"}
{"time":"2021-01-14T21:16:57.063147-07:00","level":"INFO","prefix":"echo","file":"server.go","line":"133","message":"{\"tag\":\"D67\"}"}
{"time":"2021-01-14T21:16:59.623315-07:00","level":"INFO","prefix":"echo","file":"server.go","line":"133","message":"{\"tag\":\"e111\"}"}
{"time":"2021-01-14T21:16:59.627761-07:00","level":"INFO","prefix":"echo","file":"server.go","line":"133","message":"{\"tag\":\"V\"}"}
{"time":"2021-01-14T21:17:01.573576-07:00","level":"INFO","prefix":"echo","file":"server.go","line":"133","message":"{\"tag\":\"F64\"}"}
{"time":"2021-01-14T21:17:02.909481-07:00","level":"INFO","prefix":"echo","file":"server.go","line":"133","message":"{\"tag\":\"W\"}"}
{"time":"2021-01-14T21:17:09.957084-07:00","level":"INFO","prefix":"echo","file":"server.go","line":"133","message":"{\"tag\":\"G61\",\"t\":\"4\"}"}
{"time":"2021-01-14T21:17:11.380028-07:00","level":"INFO","prefix":"echo","file":"server.go","line":"133","message":"{\"tag\":\"T58\"}"}
{"time":"2021-01-14T21:17:14.021955-07:00","level":"INFO","prefix":"echo","file":"server.go","line":"133","message":"{\"tag\":\"D58\"}"}
{"time":"2021-01-14T21:17:15.867566-07:00","level":"INFO","prefix":"echo","file":"server.go","line":"133","message":"{\"tag\":\"U\"}"}
{"time":"2021-01-14T21:17:18.636324-07:00","level":"INFO","prefix":"echo","file":"server.go","line":"133","message":"{\"tag\":\"e128\"}"}
{"time":"2021-01-14T21:17:18.640886-07:00","level":"INFO","prefix":"echo","file":"server.go","line":"133","message":"{\"tag\":\"V\"}"}
{"time":"2021-01-14T21:17:21.452605-07:00","level":"INFO","prefix":"echo","file":"server.go","line":"133","message":"{\"tag\":\"f57\",\"t\":\"1\"}"}
{"time":"2021-01-14T21:17:22.829251-07:00","level":"INFO","prefix":"echo","file":"server.go","line":"133","message":"{\"tag\":\"W\"}"}
{"time":"2021-01-14T21:17:24.952028-07:00","level":"INFO","prefix":"echo","file":"server.go","line":"133","message":"{\"tag\":\"G41\"}"}
{"time":"2021-01-14T21:17:25.034813-07:00","level":"INFO","prefix":"echo","file":"server.go","line":"133","message":"{\"tag\":\"T121\"}"}
{"time":"2021-01-14T21:17:29.743159-07:00","level":"INFO","prefix":"echo","file":"server.go","line":"133","message":"{\"tag\":\"D98\"}"}
{"time":"2021-01-14T21:17:34.382016-07:00","level":"INFO","prefix":"echo","file":"server.go","line":"133","message":"{\"tag\":\"U\"}"}
{"time":"2021-01-14T21:17:40.965207-07:00","level":"INFO","prefix":"echo","file":"server.go","line":"133","message":"{\"tag\":\"E27\",\"t\":\"1\"}"}
{"time":"2021-01-14T21:17:43.010629-07:00","level":"INFO","prefix":"echo","file":"server.go","line":"133","message":"{\"tag\":\"V\"}"}
{"time":"2021-01-14T21:17:44.081162-07:00","level":"INFO","prefix":"echo","file":"server.go","line":"133","message":"{\"tag\":\"f132\"}"}
{"time":"2021-01-14T21:17:44.085592-07:00","level":"INFO","prefix":"echo","file":"server.go","line":"133","message":"{\"tag\":\"W\"}"}
{"time":"2021-01-14T21:17:46.141817-07:00","level":"INFO","prefix":"echo","file":"server.go","line":"133","message":"{\"tag\":\"g116\"}"}
{"time":"2021-01-14T21:17:46.219118-07:00","level":"INFO","prefix":"echo","file":"server.go","line":"133","message":"{\"tag\":\"T42\"}"}
{"time":"2021-01-14T21:17:49.61136-07:00","level":"INFO","prefix":"echo","file":"server.go","line":"133","message":"{\"tag\":\"D42\"}"}
{"time":"2021-01-14T21:17:49.611449-07:00","level":"INFO","prefix":"echo","file":"server.go","line":"133","message":"{\"tag\":\"U\"}"}
{"time":"2021-01-14T21:17:53.083532-07:00","level":"INFO","prefix":"echo","file":"server.go","line":"133","message":"{\"tag\":\"e3\"}"}
{"time":"2021-01-14T21:17:53.0887-07:00","level":"INFO","prefix":"echo","file":"server.go","line":"133","message":"{\"tag\":\"V\"}"}
{"time":"2021-01-14T21:17:55.535795-07:00","level":"INFO","prefix":"echo","file":"server.go","line":"133","message":"{\"tag\":\"f48\"}"}
{"time":"2021-01-14T21:17:55.542062-07:00","level":"INFO","prefix":"echo","file":"server.go","line":"133","message":"{\"tag\":\"W\"}"}
{"time":"2021-01-14T21:18:02.774443-07:00","level":"INFO","prefix":"echo","file":"server.go","line":"133","message":"{\"tag\":\"g23\"}"}
{"time":"2021-01-14T21:18:02.856977-07:00","level":"INFO","prefix":"echo","file":"server.go","line":"133","message":"{\"tag\":\"T105\"}"}
{"time":"2021-01-14T21:18:06.553894-07:00","level":"INFO","prefix":"echo","file":"server.go","line":"133","message":"{\"tag\":\"D121\"}"}
{"time":"2021-01-14T21:18:06.554512-07:00","level":"INFO","prefix":"echo","file":"server.go","line":"133","message":"{\"tag\":\"U\"}"}
{"time":"2021-01-14T21:18:11.48282-07:00","level":"INFO","prefix":"echo","file":"server.go","line":"133","message":"{\"tag\":\"E51\"}"}
{"time":"2021-01-14T21:18:11.48786-07:00","level":"INFO","prefix":"echo","file":"server.go","line":"133","message":"{\"tag\":\"V\"}"}
{"time":"2021-01-14T21:18:16.325668-07:00","level":"INFO","prefix":"echo","file":"server.go","line":"133","message":"{\"tag\":\"F35\",\"t\":\"1\"}"}
{"time":"2021-01-14T21:18:17.663116-07:00","level":"INFO","prefix":"echo","file":"server.go","line":"133","message":"{\"tag\":\"W\"}"}
{"time":"2021-01-14T21:18:18.97706-07:00","level":"INFO","prefix":"echo","file":"server.go","line":"133","message":"{\"tag\":\"g22\"}"}
{"time":"2021-01-14T21:18:19.057911-07:00","level":"INFO","prefix":"echo","file":"server.go","line":"133","message":"{\"tag\":\"T17\"}"}
{"time":"2021-01-14T21:18:23.786804-07:00","level":"INFO","prefix":"echo","file":"server.go","line":"133","message":"{\"tag\":\"D17\"}"}
{"time":"2021-01-14T21:18:24.973615-07:00","level":"INFO","prefix":"echo","file":"server.go","line":"133","message":"{\"tag\":\"U\"}"}
{"time":"2021-01-14T21:18:26.755694-07:00","level":"INFO","prefix":"echo","file":"server.go","line":"133","message":"{\"tag\":\"e90\"}"}
{"time":"2021-01-14T21:18:26.760008-07:00","level":"INFO","prefix":"echo","file":"server.go","line":"133","message":"{\"tag\":\"V\"}"}
{"time":"2021-01-14T21:18:30.19737-07:00","level":"INFO","prefix":"echo","file":"server.go","line":"133","message":"{\"tag\":\"F28\"}"}
{"time":"2021-01-14T21:18:30.202995-07:00","level":"INFO","prefix":"echo","file":"server.go","line":"133","message":"{\"tag\":\"W\"}"}
{"time":"2021-01-14T21:18:32.917511-07:00","level":"INFO","prefix":"echo","file":"server.go","line":"133","message":"{\"tag\":\"g101\"}"}
{"time":"2021-01-14T21:18:34.428142-07:00","level":"INFO","prefix":"echo","file":"server.go","line":"133","message":"{\"tag\":\"AGARI\",\"ba\":\"1,1\",\"hai\":\"25,30,34,62,66,68,73,74,85,88,95,96,101,104\",\"machi\":\"101\",\"ten\":\"40,12000,1\",\"yaku\":\"25,2,52,1,54,1\",\"doraHai\":\"65\",\"who\":\"1\",\"fromWho\":\"3\",\"sc\":\"235,0,255,133,235,0,265,-123\"}"}
{"time":"2021-01-14T21:18:41.587684-07:00","level":"INFO","prefix":"echo","file":"server.go","line":"133","message":"{\"tag\":\"INIT\",\"seed\":\"1,2,0,0,2,105\",\"ten\":\"235,388,235,142\",\"oya\":\"1\",\"hai\":\"126,104,128,56,71,67,54,86,4,112,83,129,100\"}"}
{"time":"2021-01-14T21:18:41.602983-07:00","level":"INFO","prefix":"echo","file":"server.go","line":"133","message":"{\"tag\":\"U\"}"}
{"time":"2021-01-14T21:18:47.651376-07:00","level":"INFO","prefix":"echo","file":"server.go","line":"133","message":"{\"tag\":\"E114\"}"}
{"time":"2021-01-14T21:18:47.654419-07:00","level":"INFO","prefix":"echo","file":"server.go","line":"133","message":"{\"tag\":\"V\"}"}
{"time":"2021-01-14T21:18:48.996116-07:00","level":"INFO","prefix":"echo","file":"server.go","line":"133","message":"{\"tag\":\"F121\"}"}
{"time":"2021-01-14T21:18:49.00009-07:00","level":"INFO","prefix":"echo","file":"server.go","line":"133","message":"{\"tag\":\"W\"}"}
{"time":"2021-01-14T21:18:50.893803-07:00","level":"INFO","prefix":"echo","file":"server.go","line":"133","message":"{\"tag\":\"G127\"}"}
{"time":"2021-01-14T21:18:50.972756-07:00","level":"INFO","prefix":"echo","file":"server.go","line":"133","message":"{\"tag\":\"T69\"}"}
{"time":"2021-01-14T21:18:54.759123-07:00","level":"INFO","prefix":"echo","file":"server.go","line":"133","message":"{\"tag\":\"D112\"}"}
{"time":"2021-01-14T21:18:54.759374-07:00","level":"INFO","prefix":"echo","file":"server.go","line":"133","message":"{\"tag\":\"U\"}"}
{"time":"2021-01-14T21:19:00.362265-07:00","level":"INFO","prefix":"echo","file":"server.go","line":"133","message":"{\"tag\":\"E76\"}"}
{"time":"2021-01-14T21:19:00.365489-07:00","level":"INFO","prefix":"echo","file":"server.go","line":"133","message":"{\"tag\":\"V\"}"}
{"time":"2021-01-14T21:19:01.812659-07:00","level":"INFO","prefix":"echo","file":"server.go","line":"133","message":"{\"tag\":\"F124\"}"}
{"time":"2021-01-14T21:19:01.817509-07:00","level":"INFO","prefix":"echo","file":"server.go","line":"133","message":"{\"tag\":\"W\"}"}
{"time":"2021-01-14T21:19:03.675956-07:00","level":"INFO","prefix":"echo","file":"server.go","line":"133","message":"{\"tag\":\"G130\",\"t\":\"1\"}"}
{"time":"2021-01-14T21:19:05.036271-07:00","level":"INFO","prefix":"echo","file":"server.go","line":"133","message":"{\"tag\":\"T75\"}"}
{"time":"2021-01-14T21:19:07.069441-07:00","level":"INFO","prefix":"echo","file":"server.go","line":"133","message":"{\"tag\":\"D75\"}"}
{"time":"2021-01-14T21:19:07.069529-07:00","level":"INFO","prefix":"echo","file":"server.go","line":"133","message":"{\"tag\":\"U\"}"}
{"time":"2021-01-14T21:19:10.474678-07:00","level":"INFO","prefix":"echo","file":"server.go","line":"133","message":"{\"tag\":\"e102\"}"}
{"time":"2021-01-14T21:19:10.479226-07:00","level":"INFO","prefix":"echo","file":"server.go","line":"133","message":"{\"tag\":\"V\"}"}
{"time":"2021-01-14T21:19:18.214385-07:00","level":"INFO","prefix":"echo","file":"server.go","line":"133","message":"{\"tag\":\"F63\"}"}
{"time":"2021-01-14T21:19:18.21876-07:00","level":"INFO","prefix":"echo","file":"server.go","line":"133","message":"{\"tag\":\"W\"}"}
{"time":"2021-01-14T21:19:19.969793-07:00","level":"INFO","prefix":"echo","file":"server.go","line":"133","message":"{\"tag\":\"G135\"}"}
{"time":"2021-01-14T21:19:20.050576-07:00","level":"INFO","prefix":"echo","file":"server.go","line":"133","message":"{\"tag\":\"T0\"}"}
{"time":"2021-01-14T21:19:22.133494-07:00","level":"INFO","prefix":"echo","file":"server.go","line":"133","message":"{\"tag\":\"D126\"}"}
{"time":"2021-01-14T21:19:22.133583-07:00","level":"INFO","prefix":"echo","file":"server.go","line":"133","message":"{\"tag\":\"U\"}"}
{"time":"2021-01-14T21:19:27.425148-07:00","level":"INFO","prefix":"echo","file":"server.go","line":"133","message":"{\"tag\":\"e30\"}"}
{"time":"2021-01-14T21:19:27.429398-07:00","level":"INFO","prefix":"echo","file":"server.go","line":"133","message":"{\"tag\":\"V\"}"}
{"time":"2021-01-14T21:19:32.172437-07:00","level":"INFO","prefix":"echo","file":"server.go","line":"133","message":"{\"tag\":\"F134\"}"}
{"time":"2021-01-14T21:19:32.17684-07:00","level":"INFO","prefix":"echo","file":"server.go","line":"133","message":"{\"tag\":\"W\"}"}
{"time":"2021-01-14T21:19:35.956391-07:00","level":"INFO","prefix":"echo","file":"server.go","line":"133","message":"{\"tag\":\"G65\"}"}
{"time":"2021-01-14T21:19:36.035525-07:00","level":"INFO","prefix":"echo","file":"server.go","line":"133","message":"{\"tag\":\"T9\"}"}
{"time":"2021-01-14T21:19:42.055942-07:00","level":"INFO","prefix":"echo","file":"server.go","line":"133","message":"{\"tag\":\"D56\"}"}
{"time":"2021-01-14T21:19:42.056112-07:00","level":"INFO","prefix":"echo","file":"server.go","line":"133","message":"{\"tag\":\"U\"}"}
{"time":"2021-01-14T21:19:46.661716-07:00","level":"INFO","prefix":"echo","file":"server.go","line":"133","message":"{\"tag\":\"e109\"}"}
{"time":"2021-01-14T21:19:46.66618-07:00","level":"INFO","prefix":"echo","file":"server.go","line":"133","message":"{\"tag\":\"V\"}"}
{"time":"2021-01-14T21:19:49.058634-07:00","level":"INFO","prefix":"echo","file":"server.go","line":"133","message":"{\"tag\":\"F7\"}"}
{"time":"2021-01-14T21:19:49.062498-07:00","level":"INFO","prefix":"echo","file":"server.go","line":"133","message":"{\"tag\":\"W\"}"}
{"time":"2021-01-14T21:19:52.43635-07:00","level":"INFO","prefix":"echo","file":"server.go","line":"133","message":"{\"tag\":\"G36\"}"}
{"time":"2021-01-14T21:19:54.689711-07:00","level":"INFO","prefix":"echo","file":"server.go","line":"133","message":"{\"tag\":\"T64\"}"}
{"time":"2021-01-14T21:19:57.250711-07:00","level":"INFO","prefix":"echo","file":"server.go","line":"133","message":"{\"tag\":\"D54\"}"}
{"time":"2021-01-14T21:19:57.250797-07:00","level":"INFO","prefix":"echo","file":"server.go","line":"133","message":"{\"tag\":\"U\"}"}
{"time":"2021-01-14T21:20:04.313739-07:00","level":"INFO","prefix":"echo","file":"server.go","line":"133","message":"{\"tag\":\"E57\"}"}
{"time":"2021-01-14T21:20:04.347512-07:00","level":"INFO","prefix":"echo","file":"server.go","line":"133","message":"{\"tag\":\"V\"}"}
{"time":"2021-01-14T21:20:07.778167-07:00","level":"INFO","prefix":"echo","file":"server.go","line":"133","message":"{\"tag\":\"F122\"}"}
{"time":"2021-01-14T21:20:07.781266-07:00","level":"INFO","prefix":"echo","file":"server.go","line":"133","message":"{\"tag\":\"W\"}"}
{"time":"2021-01-14T21:20:10.249549-07:00","level":"INFO","prefix":"echo","file":"server.go","line":"133","message":"{\"tag\":\"g66\",\"t\":\"1\"}"}
{"time":"2021-01-14T21:20:12.01795-07:00","level":"INFO","prefix":"echo","file":"server.go","line":"133","message":"{\"tag\":\"T61\"}"}
{"time":"2021-01-14T21:20:17.937694-07:00","level":"INFO","prefix":"echo","file":"server.go","line":"133","message":"{\"tag\":\"D86\"}"}
{"time":"2021-01-14T21:20:17.937828-07:00","level":"INFO","prefix":"echo","file":"server.go","line":"133","message":"{\"tag\":\"U\"}"}
{"time":"2021-01-14T21:20:20.305145-07:00","level":"INFO","prefix":"echo","file":"server.go","line":"133","message":"{\"tag\":\"e59\"}"}
{"time":"2021-01-14T21:20:20.350634-07:00","level":"INFO","prefix":"echo","file":"server.go","line":"133","message":"{\"tag\":\"V\"}"}
{"time":"2021-01-14T21:20:21.938271-07:00","level":"INFO","prefix":"echo","file":"server.go","line":"133","message":"{\"tag\":\"f98\"}"}
{"time":"2021-01-14T21:20:22.917099-07:00","level":"INFO","prefix":"echo","file":"server.go","line":"133","message":"{\"tag\":\"W\"}"}
{"time":"2021-01-14T21:20:24.827629-07:00","level":"INFO","prefix":"echo","file":"server.go","line":"133","message":"{\"tag\":\"G2\",\"t\":\"4\"}"}
{"time":"2021-01-14T21:20:26.208878-07:00","level":"INFO","prefix":"echo","file":"server.go","line":"133","message":"{\"tag\":\"T95\"}"}
{"time":"2021-01-14T21:20:29.704666-07:00","level":"INFO","prefix":"echo","file":"server.go","line":"133","message":"{\"tag\":\"D95\"}"}
{"time":"2021-01-14T21:20:29.704763-07:00","level":"INFO","prefix":"echo","file":"server.go","line":"133","message":"{\"tag\":\"U\"}"}
{"time":"2021-01-14T21:20:31.521593-07:00","level":"INFO","prefix":"echo","file":"server.go","line":"133","message":"{\"tag\":\"e106\"}"}
{"time":"2021-01-14T21:20:31.526716-07:00","level":"INFO","prefix":"echo","file":"server.go","line":"133","message":"{\"tag\":\"V\"}"}
{"time":"2021-01-14T21:20:41.17893-07:00","level":"INFO","prefix":"echo","file":"server.go","line":"133","message":"{\"tag\":\"F38\"}"}
{"time":"2021-01-14T21:20:46.002635-07:00","level":"INFO","prefix":"echo","file":"server.go","line":"133","message":"{\"tag\":\"W\"}"}
{"time":"2021-01-14T21:20:50.493126-07:00","level":"INFO","prefix":"echo","file":"server.go","line":"133","message":"{\"tag\":\"G14\",\"t\":\"4\"}"}
{"time":"2021-01-14T21:20:51.975386-07:00","level":"INFO","prefix":"echo","file":"server.go","line":"133","message":"{\"tag\":\"T117\"}"}
{"time":"2021-01-14T21:20:54.030694-07:00","level":"INFO","prefix":"echo","file":"server.go","line":"133","message":"{\"tag\":\"D83\"}"}
{"time":"2021-01-14T21:20:55.897451-07:00","level":"INFO","prefix":"echo","file":"server.go","line":"133","message":"{\"tag\":\"N\",\"who\":\"1\",\"m\":\"45543\"}"}
{"time":"2021-01-14T21:21:01.939083-07:00","level":"INFO","prefix":"echo","file":"server.go","line":"133","message":"{\"tag\":\"E16\"}"}
{"time":"2021-01-14T21:21:04.545503-07:00","level":"INFO","prefix":"echo","file":"server.go","line":"133","message":"{\"tag\":\"N\",\"who\":\"2\",\"m\":\"6187\"}"}
{"time":"2021-01-14T21:21:05.745426-07:00","level":"INFO","prefix":"echo","file":"server.go","line":"133","message":"{\"tag\":\"F115\"}"}
{"time":"2021-01-14T21:21:05.749953-07:00","level":"INFO","prefix":"echo","file":"server.go","line":"133","message":"{\"tag\":\"W\"}"}
{"time":"2021-01-14T21:21:08.227709-07:00","level":"INFO","prefix":"echo","file":"server.go","line":"133","message":"{\"tag\":\"g15\",\"t\":\"4\"}"}
{"time":"2021-01-14T21:21:09.443772-07:00","level":"INFO","prefix":"echo","file":"server.go","line":"133","message":"{\"tag\":\"T70\"}"}
{"time":"2021-01-14T21:21:19.881665-07:00","level":"INFO","prefix":"echo","file":"server.go","line":"133","message":"{\"tag\":\"D70\"}"}
{"time":"2021-01-14T21:21:19.881828-07:00","level":"INFO","prefix":"echo","file":"server.go","line":"133","message":"{\"tag\":\"U\"}"}
{"time":"2021-01-14T21:21:24.03133-07:00","level":"INFO","prefix":"echo","file":"server.go","line":"133","message":"{\"tag\":\"E41\"}"}
{"time":"2021-01-14T21:21:24.036374-07:00","level":"INFO","prefix":"echo","file":"server.go","line":"133","message":"{\"tag\":\"V\"}"}
{"time":"2021-01-14T21:21:27.09734-07:00","level":"INFO","prefix":"echo","file":"server.go","line":"133","message":"{\"tag\":\"F40\"}"}
{"time":"2021-01-14T21:21:28.598313-07:00","level":"INFO","prefix":"echo","file":"server.go","line":"133","message":"{\"tag\":\"W\"}"}
{"time":"2021-01-14T21:21:29.971162-07:00","level":"INFO","prefix":"echo","file":"server.go","line":"133","message":"{\"tag\":\"g32\"}"}
{"time":"2021-01-14T21:21:30.050961-07:00","level":"INFO","prefix":"echo","file":"server.go","line":"133","message":"{\"tag\":\"T118\"}"}
{"time":"2021-01-14T21:21:37.83732-07:00","level":"INFO","prefix":"echo","file":"server.go","line":"133","message":"{\"tag\":\"D67\"}"}
{"time":"2021-01-14T21:21:37.837462-07:00","level":"INFO","prefix":"echo","file":"server.go","line":"133","message":"{\"tag\":\"U\"}"}
{"time":"2021-01-14T21:21:42.537493-07:00","level":"INFO","prefix":"echo","file":"server.go","line":"133","message":"{\"tag\":\"e74\"}"}
{"time":"2021-01-14T21:21:42.542071-07:00","level":"INFO","prefix":"echo","file":"server.go","line":"133","message":"{\"tag\":\"V\"}"}
{"time":"2021-01-14T21:21:44.445757-07:00","level":"INFO","prefix":"echo","file":"server.go","line":"133","message":"{\"tag\":\"F73\"}"}
{"time":"2021-01-14T21:21:44.451249-07:00","level":"INFO","prefix":"echo","file":"server.go","line":"133","message":"{\"tag\":\"W\"}"}
{"time":"2021-01-14T21:21:46.33163-07:00","level":"INFO","prefix":"echo","file":"server.go","line":"133","message":"{\"tag\":\"g107\"}"}
{"time":"2021-01-14T21:21:46.410213-07:00","level":"INFO","prefix":"echo","file":"server.go","line":"133","message":"{\"tag\":\"T78\"}"}
{"time":"2021-01-14T21:21:48.747193-07:00","level":"INFO","prefix":"echo","file":"server.go","line":"133","message":"{\"tag\":\"D78\"}"}
{"time":"2021-01-14T21:21:48.747332-07:00","level":"INFO","prefix":"echo","file":"server.go","line":"133","message":"{\"tag\":\"U\"}"}
{"time":"2021-01-14T21:21:50.496677-07:00","level":"INFO","prefix":"echo","file":"server.go","line":"133","message":"{\"tag\":\"e132\"}"}
{"time":"2021-01-14T21:21:50.502605-07:00","level":"INFO","prefix":"echo","file":"server.go","line":"133","message":"{\"tag\":\"V\"}"}
{"time":"2021-01-14T21:21:52.705136-07:00","level":"INFO","prefix":"echo","file":"server.go","line":"133","message":"{\"tag\":\"F81\"}"}
{"time":"2021-01-14T21:21:53.811279-07:00","level":"INFO","prefix":"echo","file":"server.go","line":"133","message":"{\"tag\":\"W\"}"}
{"time":"2021-01-14T21:21:55.019399-07:00","level":"INFO","prefix":"echo","file":"server.go","line":"133","message":"{\"tag\":\"g68\",\"t\":\"5\"}"}
{"time":"2021-01-14T21:21:58.390849-07:00","level":"INFO","prefix":"echo","file":"server.go","line":"133","message":"{\"tag\":\"T77\"}"}
{"time":"2021-01-14T21:22:00.829191-07:00","level":"INFO","prefix":"echo","file":"server.go","line":"133","message":"{\"tag\":\"D77\"}"}
{"time":"2021-01-14T21:22:00.829291-07:00","level":"INFO","prefix":"echo","file":"server.go","line":"133","message":"{\"tag\":\"U\"}"}
{"time":"2021-01-14T21:22:04.575721-07:00","level":"INFO","prefix":"echo","file":"server.go","line":"133","message":"{\"tag\":\"e12\"}"}
{"time":"2021-01-14T21:22:04.582477-07:00","level":"INFO","prefix":"echo","file":"server.go","line":"133","message":"{\"tag\":\"V\"}"}
{"time":"2021-01-14T21:22:07.472717-07:00","level":"INFO","prefix":"echo","file":"server.go","line":"133","message":"{\"tag\":\"F113\"}"}
{"time":"2021-01-14T21:22:07.477881-07:00","level":"INFO","prefix":"echo","file":"server.go","line":"133","message":"{\"tag\":\"W\"}"}
{"time":"2021-01-14T21:22:10.026718-07:00","level":"INFO","prefix":"echo","file":"server.go","line":"133","message":"{\"tag\":\"g10\",\"t\":\"4\"}"}
{"time":"2021-01-14T21:22:11.791849-07:00","level":"INFO","prefix":"echo","file":"server.go","line":"133","message":"{\"tag\":\"T20\"}"}
{"time":"2021-01-14T21:22:13.356742-07:00","level":"INFO","prefix":"echo","file":"server.go","line":"133","message":"{\"tag\":\"D20\"}"}
{"time":"2021-01-14T21:22:15.584135-07:00","level":"INFO","prefix":"echo","file":"server.go","line":"133","message":"{\"tag\":\"U\"}"}
{"time":"2021-01-14T21:22:18.446705-07:00","level":"INFO","prefix":"echo","file":"server.go","line":"133","message":"{\"tag\":\"e82\"}"}
{"time":"2021-01-14T21:22:18.451436-07:00","level":"INFO","prefix":"echo","file":"server.go","line":"133","message":"{\"tag\":\"V\"}"}
{"time":"2021-01-14T21:22:20.197741-07:00","level":"INFO","prefix":"echo","file":"server.go","line":"133","message":"{\"tag\":\"f119\",\"t\":\"1\"}"}
{"time":"2021-01-14T21:22:21.446651-07:00","level":"INFO","prefix":"echo","file":"server.go","line":"133","message":"{\"tag\":\"N\",\"who\":\"0\",\"m\":\"45578\"}"}
{"time":"2021-01-14T21:22:25.062306-07:00","level":"INFO","prefix":"echo","file":"server.go","line":"133","message":"{\"tag\":\"D71\"}"}
{"time":"2021-01-14T21:22:25.062412-07:00","level":"INFO","prefix":"echo","file":"server.go","line":"133","message":"{\"tag\":\"U\"}"}
{"time":"2021-01-14T21:22:27.326616-07:00","level":"INFO","prefix":"echo","file":"server.go","line":"133","message":"{\"tag\":\"e123\"}"}
{"time":"2021-01-14T21:22:27.330538-07:00","level":"INFO","prefix":"echo","file":"server.go","line":"133","message":"{\"tag\":\"V\"}"}
{"time":"2021-01-14T21:22:31.344858-07:00","level":"INFO","prefix":"echo","file":"server.go","line":"133","message":"{\"tag\":\"F87\"}"}
{"time":"2021-01-14T21:22:32.562332-07:00","level":"INFO","prefix":"echo","file":"server.go","line":"133","message":"{\"tag\":\"W\"}"}
{"time":"2021-01-14T21:22:37.122203-07:00","level":"INFO","prefix":"echo","file":"server.go","line":"133","message":"{\"tag\":\"G21\"}"}
{"time":"2021-01-14T21:22:37.203636-07:00","level":"INFO","prefix":"echo","file":"server.go","line":"133","message":"{\"tag\":\"T42\"}"}
{"time":"2021-01-14T21:22:39.524341-07:00","level":"INFO","prefix":"echo","file":"server.go","line":"133","message":"{\"tag\":\"D42\"}"}
{"time":"2021-01-14T21:22:39.524428-07:00","level":"INFO","prefix":"echo","file":"server.go","line":"133","message":"{\"tag\":\"U\"}"}
{"time":"2021-01-14T21:22:44.567004-07:00","level":"INFO","prefix":"echo","file":"server.go","line":"133","message":"{\"tag\":\"e88\"}"}
{"time":"2021-01-14T21:22:50.967661-07:00","level":"INFO","prefix":"echo","file":"server.go","line":"133","message":"{\"tag\":\"N\",\"who\":\"2\",\"m\":\"55687\"}"}
{"time":"2021-01-14T21:22:52.296629-07:00","level":"INFO","prefix":"echo","file":"server.go","line":"133","message":"{\"tag\":\"F94\"}"}
{"time":"2021-01-14T21:22:54.413638-07:00","level":"INFO","prefix":"echo","file":"server.go","line":"133","message":"{\"tag\":\"W\"}"}
{"time":"2021-01-14T21:22:56.842156-07:00","level":"INFO","prefix":"echo","file":"server.go","line":"133","message":"{\"tag\":\"g60\",\"t\":\"4\"}"}
{"time":"2021-01-14T21:22:58.449065-07:00","level":"INFO","prefix":"echo","file":"server.go","line":"133","message":"{\"tag\":\"T116\"}"}
{"time":"2021-01-14T21:22:59.852851-07:00","level":"INFO","prefix":"echo","file":"server.go","line":"133","message":"{\"tag\":\"N\",\"who\":\"0\",\"m\":\"45586\"}"}
{"time":"2021-01-14T21:22:59.934201-07:00","level":"INFO","prefix":"echo","file":"server.go","line":"133","message":"{\"tag\":\"T62\"}"}
{"time":"2021-01-14T21:23:02.075866-07:00","level":"INFO","prefix":"echo","file":"server.go","line":"133","message":"{\"tag\":\"DORA\",\"hai\":\"125\"}"}
{"time":"2021-01-14T21:23:02.075942-07:00","level":"INFO","prefix":"echo","file":"server.go","line":"133","message":"{\"tag\":\"D62\"}"}
{"time":"2021-01-14T21:23:02.0762-07:00","level":"INFO","prefix":"echo","file":"server.go","line":"133","message":"{\"tag\":\"U\"}"}
{"time":"2021-01-14T21:23:11.520203-07:00","level":"INFO","prefix":"echo","file":"server.go","line":"133","message":"{\"tag\":\"E39\"}"}
{"time":"2021-01-14T21:23:11.52496-07:00","level":"INFO","prefix":"echo","file":"server.go","line":"133","message":"{\"tag\":\"V\"}"}
{"time":"2021-01-14T21:23:13.815668-07:00","level":"INFO","prefix":"echo","file":"server.go","line":"133","message":"{\"tag\":\"f43\"}"}
{"time":"2021-01-14T21:23:15.037069-07:00","level":"INFO","prefix":"echo","file":"server.go","line":"133","message":"{\"tag\":\"W\"}"}
{"time":"2021-01-14T21:23:17.953374-07:00","level":"INFO","prefix":"echo","file":"server.go","line":"133","message":"{\"tag\":\"g29\"}"}
{"time":"2021-01-14T21:23:18.033414-07:00","level":"INFO","prefix":"echo","file":"server.go","line":"133","message":"{\"tag\":\"T3\"}"}
{"time":"2021-01-14T21:23:20.16036-07:00","level":"INFO","prefix":"echo","file":"server.go","line":"133","message":"{\"tag\":\"D3\"}"}
{"time":"2021-01-14T21:23:20.160461-07:00","level":"INFO","prefix":"echo","file":"server.go","line":"133","message":"{\"tag\":\"U\"}"}
{"time":"2021-01-14T21:23:26.215438-07:00","level":"INFO","prefix":"echo","file":"server.go","line":"133","message":"{\"tag\":\"E37\"}"}
{"time":"2021-01-14T21:23:26.220409-07:00","level":"INFO","prefix":"echo","file":"server.go","line":"133","message":"{\"tag\":\"V\"}"}
{"time":"2021-01-14T21:23:28.726892-07:00","level":"INFO","prefix":"echo","file":"server.go","line":"133","message":"{\"tag\":\"AGARI\",\"ba\":\"2,0\",\"hai\":\"5,6,47,48,49,53,55,58\",\"m\":\"55687,6187\",\"machi\":\"47\",\"ten\":\"30,4000,0\",\"yaku\":\"8,1,54,2\",\"doraHai\":\"105,125\",\"who\":\"2\",\"fromWho\":\"2\",\"sc\":\"235,-12,388,-22,235,46,142,-12\"}"}
{"time":"2021-01-14T21:23:34.906414-07:00","level":"INFO","prefix":"echo","file":"server.go","line":"133","message":"{\"tag\":\"INIT\",\"seed\":\"2,0,0,1,1,92\",\"ten\":\"223,366,281,130\",\"oya\":\"2\",\"hai\":\"62,96,23,90,67,65,81,55,127,111,129,2,118\"}"}
{"time":"2021-01-14T21:23:34.91893-07:00","level":"INFO","prefix":"echo","file":"server.go","line":"133","message":"{\"tag\":\"V\"}"}
{"time":"2021-01-14T21:23:40.222273-07:00","level":"INFO","prefix":"echo","file":"server.go","line":"133","message":"{\"tag\":\"F122\"}"}
{"time":"2021-01-14T21:23:40.225776-07:00","level":"INFO","prefix":"echo","file":"server.go","line":"133","message":"{\"tag\":\"W\"}"}
{"time":"2021-01-14T21:23:42.403005-07:00","level":"INFO","prefix":"echo","file":"server.go","line":"133","message":"{\"tag\":\"G39\"}"}
{"time":"2021-01-14T21:23:42.484894-07:00","level":"INFO","prefix":"echo","file":"server.go","line":"133","message":"{\"tag\":\"T135\"}"}
{"time":"2021-01-14T21:23:45.740635-07:00","level":"INFO","prefix":"echo","file":"server.go","line":"133","message":"{\"tag\":\"D2\"}"}
{"time":"2021-01-14T21:23:45.740722-07:00","level":"INFO","prefix":"echo","file":"server.go","line":"133","message":"{\"tag\":\"U\"}"}
{"time":"2021-01-14T21:23:49.743953-07:00","level":"INFO","prefix":"echo","file":"server.go","line":"133","message":"{\"tag\":\"E117\"}"}
{"time":"2021-01-14T21:23:49.748395-07:00","level":"INFO","prefix":"echo","file":"server.go","line":"133","message":"{\"tag\":\"V\"}"}
{"time":"2021-01-14T21:23:56.687308-07:00","level":"INFO","prefix":"echo","file":"server.go","line":"133","message":"{\"tag\":\"F112\"}"}
{"time":"2021-01-14T21:23:56.691444-07:00","level":"INFO","prefix":"echo","file":"server.go","line":"133","message":"{\"tag\":\"W\"}"}
{"time":"2021-01-14T21:23:58.967564-07:00","level":"INFO","prefix":"echo","file":"server.go","line":"133","message":"{\"tag\":\"G113\"}"}
{"time":"2021-01-14T21:23:59.046158-07:00","level":"INFO","prefix":"echo","file":"server.go","line":"133","message":"{\"tag\":\"T40\"}"}
{"time":"2021-01-14T21:24:05.832022-07:00","level":"INFO","prefix":"echo","file":"server.go","line":"133","message":"{\"tag\":\"D111\"}"}
{"time":"2021-01-14T21:24:05.832132-07:00","level":"INFO","prefix":"echo","file":"server.go","line":"133","message":"{\"tag\":\"U\"}"}
{"time":"2021-01-14T21:24:11.629332-07:00","level":"INFO","prefix":"echo","file":"server.go","line":"133","message":"{\"tag\":\"E123\"}"}
{"time":"2021-01-14T21:24:11.633974-07:00","level":"INFO","prefix":"echo","file":"server.go","line":"133","message":"{\"tag\":\"V\"}"}
{"time":"2021-01-14T21:24:15.166093-07:00","level":"INFO","prefix":"echo","file":"server.go","line":"133","message":"{\"tag\":\"F126\"}"}
{"time":"2021-01-14T21:24:15.170731-07:00","level":"INFO","prefix":"echo","file":"server.go","line":"133","message":"{\"tag\":\"W\"}"}
{"time":"2021-01-14T21:24:16.673371-07:00","level":"INFO","prefix":"echo","file":"server.go","line":"133","message":"{\"tag\":\"G110\"}"}
{"time":"2021-01-14T21:24:16.751452-07:00","level":"INFO","prefix":"echo","file":"server.go","line":"133","message":"{\"tag\":\"T89\"}"}
{"time":"2021-01-14T21:24:23.160709-07:00","level":"INFO","prefix":"echo","file":"server.go","line":"133","message":"{\"tag\":\"D127\"}"}
{"time":"2021-01-14T21:24:23.160854-07:00","level":"INFO","prefix":"echo","file":"server.go","line":"133","message":"{\"tag\":\"U\"}"}
{"time":"2021-01-14T21:24:25.198866-07:00","level":"INFO","prefix":"echo","file":"server.go","line":"133","message":"{\"tag\":\"e121\"}"}
{"time":"2021-01-14T21:24:25.203434-07:00","level":"INFO","prefix":"echo","file":"server.go","line":"133","message":"{\"tag\":\"V\"}"}
{"time":"2021-01-14T21:24:26.821874-07:00","level":"INFO","prefix":"echo","file":"server.go","line":"133","message":"{\"tag\":\"F132\"}"}
{"time":"2021-01-14T21:24:26.82574-07:00","level":"INFO","prefix":"echo","file":"server.go","line":"133","message":"{\"tag\":\"W\"}"}
{"time":"2021-01-14T21:24:28.07343-07:00","level":"INFO","prefix":"echo","file":"server.go","line":"133","message":"{\"tag\":\"G125\"}"}
{"time":"2021-01-14T21:24:28.152725-07:00","level":"INFO","prefix":"echo","file":"server.go","line":"133","message":"{\"tag\":\"T66\"}"}
{"time":"2021-01-14T21:24:33.785814-07:00","level":"INFO","prefix":"echo","file":"server.go","line":"133","message":"{\"tag\":\"D118\"}"}
{"time":"2021-01-14T21:24:33.785889-07:00","level":"INFO","prefix":"echo","file":"server.go","line":"133","message":"{\"tag\":\"U\"}"}
{"time":"2021-01-14T21:24:38.2785-07:00","level":"INFO","prefix":"echo","file":"server.go","line":"133","message":"{\"tag\":\"E130\"}"}
{"time":"2021-01-14T21:24:38.283111-07:00","level":"INFO","prefix":"echo","file":"server.go","line":"133","message":"{\"tag\":\"V\"}"}
{"time":"2021-01-14T21:24:39.998309-07:00","level":"INFO","prefix":"echo","file":"server.go","line":"133","message":"{\"tag\":\"f114\"}"}
{"time":"2021-01-14T21:24:40.004206-07:00","level":"INFO","prefix":"echo","file":"server.go","line":"133","message":"{\"tag\":\"W\"}"}
{"time":"2021-01-14T21:24:42.152898-07:00","level":"INFO","prefix":"echo","file":"server.go","line":"133","message":"{\"tag\":\"G72\"}"}
{"time":"2021-01-14T21:24:42.231886-07:00","level":"INFO","prefix":"echo","file":"server.go","line":"133","message":"{\"tag\":\"T12\"}"}
{"time":"2021-01-14T21:24:45.71535-07:00","level":"INFO","prefix":"echo","file":"server.go","line":"133","message":"{\"tag\":\"D129\"}"}
{"time":"2021-01-14T21:24:45.715448-07:00","level":"INFO","prefix":"echo","file":"server.go","line":"133","message":"{\"tag\":\"U\"}"}
{"time":"2021-01-14T21:24:50.958912-07:00","level":"INFO","prefix":"echo","file":"server.go","line":"133","message":"{\"tag\":\"E5\"}"}
{"time":"2021-01-14T21:24:51.905275-07:00","level":"INFO","prefix":"echo","file":"server.go","line":"133","message":"{\"tag\":\"V\"}"}
{"time":"2021-01-14T21:24:58.869714-07:00","level":"INFO","prefix":"echo","file":"server.go","line":"133","message":"{\"tag\":\"F10\"}"}
{"time":"2021-01-14T21:24:58.875385-07:00","level":"INFO","prefix":"echo","file":"server.go","line":"133","message":"{\"tag\":\"W\"}"}
{"time":"2021-01-14T21:25:01.561984-07:00","level":"INFO","prefix":"echo","file":"server.go","line":"133","message":"{\"tag\":\"g48\"}"}
{"time":"2021-01-14T21:25:01.644579-07:00","level":"INFO","prefix":"echo","file":"server.go","line":"133","message":"{\"tag\":\"T73\"}"}
{"time":"2021-01-14T21:25:04.589042-07:00","level":"INFO","prefix":"echo","file":"server.go","line":"133","message":"{\"tag\":\"D135\"}"}
{"time":"2021-01-14T21:25:04.58913-07:00","level":"INFO","prefix":"echo","file":"server.go","line":"133","message":"{\"tag\":\"U\"}"}
{"time":"2021-01-14T21:25:08.462721-07:00","level":"INFO","prefix":"echo","file":"server.go","line":"133","message":"{\"tag\":\"e119\"}"}
{"time":"2021-01-14T21:25:08.466548-07:00","level":"INFO","prefix":"echo","file":"server.go","line":"133","message":"{\"tag\":\"V\"}"}
{"time":"2021-01-14T21:25:10.604356-07:00","level":"INFO","prefix":"echo","file":"server.go","line":"133","message":"{\"tag\":\"F101\"}"}
{"time":"2021-01-14T21:25:10.607629-07:00","level":"INFO","prefix":"echo","file":"server.go","line":"133","message":"{\"tag\":\"W\"}"}
{"time":"2021-01-14T21:25:14.40111-07:00","level":"INFO","prefix":"echo","file":"server.go","line":"133","message":"{\"tag\":\"G104\"}"}
{"time":"2021-01-14T21:25:14.482736-07:00","level":"INFO","prefix":"echo","file":"server.go","line":"133","message":"{\"tag\":\"T105\"}"}
{"time":"2021-01-14T21:25:17.923801-07:00","level":"INFO","prefix":"echo","file":"server.go","line":"133","message":"{\"tag\":\"D40\"}"}
{"time":"2021-01-14T21:25:19.461585-07:00","level":"INFO","prefix":"echo","file":"server.go","line":"133","message":"{\"tag\":\"U\"}"}
{"time":"2021-01-14T21:25:24.237141-07:00","level":"INFO","prefix":"echo","file":"server.go","line":"133","message":"{\"tag\":\"e115\"}"}
{"time":"2021-01-14T21:25:24.242147-07:00","level":"INFO","prefix":"echo","file":"server.go","line":"133","message":"{\"tag\":\"V\"}"}
{"time":"2021-01-14T21:25:27.055175-07:00","level":"INFO","prefix":"echo","file":"server.go","line":"133","message":"{\"tag\":\"f79\"}"}
{"time":"2021-01-14T21:25:27.059247-07:00","level":"INFO","prefix":"echo","file":"server.go","line":"133","message":"{\"tag\":\"W\"}"}
{"time":"2021-01-14T21:25:28.864192-07:00","level":"INFO","prefix":"echo","file":"server.go","line":"133","message":"{\"tag\":\"g131\"}"}
{"time":"2021-01-14T21:25:31.299865-07:00","level":"INFO","prefix":"echo","file":"server.go","line":"133","message":"{\"tag\":\"T52\"}"}
{"time":"2021-01-14T21:25:36.317237-07:00","level":"INFO","prefix":"echo","file":"server.go","line":"133","message":"{\"tag\":\"D62\"}"}
{"time":"2021-01-14T21:25:37.721608-07:00","level":"INFO","prefix":"echo","file":"server.go","line":"133","message":"{\"tag\":\"U\"}"}
{"time":"2021-01-14T21:25:41.164925-07:00","level":"INFO","prefix":"echo","file":"server.go","line":"133","message":"{\"tag\":\"e59\"}"}
{"time":"2021-01-14T21:25:41.170953-07:00","level":"INFO","prefix":"echo","file":"server.go","line":"133","message":"{\"tag\":\"V\"}"}
{"time":"2021-01-14T21:25:47.252096-07:00","level":"INFO","prefix":"echo","file":"server.go","line":"133","message":"{\"tag\":\"f36\"}"}
{"time":"2021-01-14T21:25:47.257232-07:00","level":"INFO","prefix":"echo","file":"server.go","line":"133","message":"{\"tag\":\"W\"}"}
{"time":"2021-01-14T21:25:52.080223-07:00","level":"INFO","prefix":"echo","file":"server.go","line":"133","message":"{\"tag\":\"G13\"}"}
{"time":"2021-01-14T21:25:52.162353-07:00","level":"INFO","prefix":"echo","file":"server.go","line":"133","message":"{\"tag\":\"T74\"}"}
{"time":"2021-01-14T21:25:57.880487-07:00","level":"INFO","prefix":"echo","file":"server.go","line":"133","message":"{\"tag\":\"D12\"}"}
{"time":"2021-01-14T21:25:59.652297-07:00","level":"INFO","prefix":"echo","file":"server.go","line":"133","message":"{\"tag\":\"U\"}"}
{"time":"2021-01-14T21:26:02.843497-07:00","level":"INFO","prefix":"echo","file":"server.go","line":"133","message":"{\"tag\":\"E102\"}"}
{"time":"2021-01-14T21:26:02.848911-07:00","level":"INFO","prefix":"echo","file":"server.go","line":"133","message":"{\"tag\":\"V\"}"}
{"time":"2021-01-14T21:26:04.366884-07:00","level":"INFO","prefix":"echo","file":"server.go","line":"133","message":"{\"tag\":\"f124\"}"}
{"time":"2021-01-14T21:26:04.371461-07:00","level":"INFO","prefix":"echo","file":"server.go","line":"133","message":"{\"tag\":\"W\"}"}
{"time":"2021-01-14T21:26:06.937133-07:00","level":"INFO","prefix":"echo","file":"server.go","line":"133","message":"{\"tag\":\"g109\"}"}
{"time":"2021-01-14T21:26:07.019441-07:00","level":"INFO","prefix":"echo","file":"server.go","line":"133","message":"{\"tag\":\"T94\"}"}
{"time":"2021-01-14T21:26:13.798812-07:00","level":"INFO","prefix":"echo","file":"server.go","line":"133","message":"{\"tag\":\"D105\"}"}
{"time":"2021-01-14T21:26:13.800025-07:00","level":"INFO","prefix":"echo","file":"server.go","line":"133","message":"{\"tag\":\"U\"}"}
{"time":"2021-01-14T21:26:16.308096-07:00","level":"INFO","prefix":"echo","file":"server.go","line":"133","message":"{\"tag\":\"e106\"}"}
{"time":"2021-01-14T21:26:16.339848-07:00","level":"INFO","prefix":"echo","file":"server.go","line":"133","message":"{\"tag\":\"V\"}"}
{"time":"2021-01-14T21:26:18.497648-07:00","level":"INFO","prefix":"echo","file":"server.go","line":"133","message":"{\"tag\":\"f15\"}"}
{"time":"2021-01-14T21:26:18.501335-07:00","level":"INFO","prefix":"echo","file":"server.go","line":"133","message":"{\"tag\":\"W\"}"}
{"time":"2021-01-14T21:26:24.858184-07:00","level":"INFO","prefix":"echo","file":"server.go","line":"133","message":"{\"tag\":\"G95\",\"t\":\"4\"}"}
{"time":"2021-01-14T21:26:24.884884-07:00","level":"INFO","prefix":"echo","file":"server.go","line":"133","message":"{\"tag\":\"REACH\",\"who\":\"3\",\"step\":\"1\"}"}
{"time":"2021-01-14T21:26:26.568345-07:00","level":"INFO","prefix":"echo","file":"server.go","line":"133","message":"{\"tag\":\"REACH\",\"who\":\"3\",\"ten\":\"223,366,281,120\",\"step\":\"2\"}"}
{"time":"2021-01-14T21:26:26.648031-07:00","level":"INFO","prefix":"echo","file":"server.go","line":"133","message":"{\"tag\":\"T9\"}"}
{"time":"2021-01-14T21:26:33.427442-07:00","level":"INFO","prefix":"echo","file":"server.go","line":"133","message":"{\"tag\":\"D94\"}"}
{"time":"2021-01-14T21:26:33.429425-07:00","level":"INFO","prefix":"echo","file":"server.go","line":"133","message":"{\"tag\":\"U\"}"}
{"time":"2021-01-14T21:26:35.675968-07:00","level":"INFO","prefix":"echo","file":"server.go","line":"133","message":"{\"tag\":\"E116\"}"}
{"time":"2021-01-14T21:26:35.677669-07:00","level":"INFO","prefix":"echo","file":"server.go","line":"133","message":"{\"tag\":\"V\"}"}
{"time":"2021-01-14T21:26:37.228014-07:00","level":"INFO","prefix":"echo","file":"server.go","line":"133","message":"{\"tag\":\"F38\"}"}
{"time":"2021-01-14T21:26:37.230288-07:00","level":"INFO","prefix":"echo","file":"server.go","line":"133","message":"{\"tag\":\"W\"}"}
{"time":"2021-01-14T21:26:37.976777-07:00","level":"INFO","prefix":"echo","file":"server.go","line":"133","message":"{\"tag\":\"g56\"}"}
{"time":"2021-01-14T21:26:38.05202-07:00","level":"INFO","prefix":"echo","file":"server.go","line":"133","message":"{\"tag\":\"T54\"}"}
{"time":"2021-01-14T21:26:38.055798-07:00","level":"ERROR","prefix":"echo","file":"server.go","line":"60","message":"参数错误: 15 张牌"}
{"time":"2021-01-14T21:26:44.890026-07:00","level":"INFO","prefix":"echo","file":"server.go","line":"133","message":"{\"tag\":\"D74\"}"}
{"time":"2021-01-14T21:26:46.892718-07:00","level":"INFO","prefix":"echo","file":"server.go","line":"133","message":"{\"tag\":\"U\"}"}
{"time":"2021-01-14T21:26:49.516447-07:00","level":"INFO","prefix":"echo","file":"server.go","line":"133","message":"{\"tag\":\"E0\"}"}
{"time":"2021-01-14T21:26:49.521602-07:00","level":"INFO","prefix":"echo","file":"server.go","line":"133","message":"{\"tag\":\"V\"}"}
